{"D:\\Files\\清华大学\\大三\\软件工程3\\yogurt-backend\\production.js":{"path":"D:\\Files\\清华大学\\大三\\软件工程3\\yogurt-backend\\production.js","statementMap":{"1":{"start":{"line":1,"column":20},"end":{"line":1,"column":38}},"2":{"start":{"line":3,"column":17},"end":{"line":7,"column":2}},"3":{"start":{"line":9,"column":0},"end":{"line":9,"column":15}}},"fnMap":{},"branchMap":{},"s":{"1":1,"2":1,"3":1},"f":{},"b":{},"hash":"5f7fe8c64553441b679f9ac167716a2bdeccd4ba"},"D:\\Files\\清华大学\\大三\\软件工程3\\yogurt-backend\\app\\config\\config.js":{"path":"D:\\Files\\清华大学\\大三\\软件工程3\\yogurt-backend\\app\\config\\config.js","statementMap":{"1":{"start":{"line":2,"column":0},"end":{"line":23,"column":2}}},"fnMap":{},"branchMap":{},"s":{"1":1},"f":{},"b":{},"hash":"812eda63aa2f9881d9bd7155ddfd53c2ae38fffa"},"D:\\Files\\清华大学\\大三\\软件工程3\\yogurt-backend\\app\\config\\config.production.js":{"path":"D:\\Files\\清华大学\\大三\\软件工程3\\yogurt-backend\\app\\config\\config.production.js","statementMap":{"1":{"start":{"line":2,"column":0},"end":{"line":4,"column":2}}},"fnMap":{},"branchMap":{},"s":{"1":1},"f":{},"b":{},"hash":"7075e799bbaa1e559e99c5663ba46ddfb7a0fd63"},"D:\\Files\\清华大学\\大三\\软件工程3\\yogurt-backend\\src\\config\\adapter.js":{"path":"D:\\Files\\清华大学\\大三\\软件工程3\\yogurt-backend\\src\\config\\adapter.js","statementMap":{"1":{"start":{"line":1,"column":18},"end":{"line":1,"column":0}},"2":{"start":{"line":2,"column":19},"end":{"line":2,"column":0}},"3":{"start":{"line":3,"column":17},"end":{"line":3,"column":0}},"4":{"start":{"line":4,"column":20},"end":{"line":4,"column":0}},"5":{"start":{"line":5,"column":14},"end":{"line":5,"column":0}},"6":{"start":{"line":6,"column":34},"end":{"line":6,"column":0}},"7":{"start":{"line":7,"column":17},"end":{"line":7,"column":0}},"8":{"start":{"line":8,"column":13},"end":{"line":8,"column":0}},"9":{"start":{"line":9,"column":14},"end":{"line":9,"column":0}},"10":{"start":{"line":15,"column":0},"end":{"line":null,"column":-1}},"11":{"start":{"line":38,"column":0},"end":{"line":null,"column":-1}},"12":{"start":{"line":43,"column":19},"end":{"line":null,"column":-1}},"13":{"start":{"line":71,"column":0},"end":{"line":null,"column":-1}},"14":{"start":{"line":90,"column":0},"end":{"line":null,"column":-1}},"15":{"start":{"line":106,"column":0},"end":{"line":null,"column":-1}},"16":{"start":{"line":132,"column":0},"end":{"line":null,"column":-1}}},"fnMap":{"1":{"name":"(anonymous_1)","decl":{"start":{"line":43,"column":12},"end":{"line":43,"column":18}},"loc":{"start":{"line":43,"column":19},"end":{"line":null,"column":-1}}}},"branchMap":{"1":{"loc":{"start":{"line":107,"column":16},"end":{"line":107,"column":8}},"type":"cond-expr","locations":[{"start":{"line":107,"column":16},"end":{"line":107,"column":8}},{"start":{"line":107,"column":28},"end":{"line":106,"column":17}}]}},"s":{"1":1,"2":1,"3":1,"4":1,"5":1,"6":1,"7":1,"8":1,"9":1,"10":1,"11":1,"12":0,"13":1,"14":1,"15":1,"16":1},"f":{"1":0},"b":{"1":[0,1]}},"D:\\Files\\清华大学\\大三\\软件工程3\\yogurt-backend\\src\\config\\extend.js":{"path":"D:\\Files\\清华大学\\大三\\软件工程3\\yogurt-backend\\src\\config\\extend.js","statementMap":{"1":{"start":{"line":1,"column":13},"end":{"line":1,"column":0}},"2":{"start":{"line":2,"column":14},"end":{"line":2,"column":0}},"3":{"start":{"line":3,"column":14},"end":{"line":3,"column":0}},"4":{"start":{"line":4,"column":16},"end":{"line":4,"column":0}},"5":{"start":{"line":5,"column":14},"end":{"line":5,"column":0}},"6":{"start":{"line":6,"column":14},"end":{"line":6,"column":0}},"7":{"start":{"line":7,"column":18},"end":{"line":7,"column":0}},"8":{"start":{"line":9,"column":0},"end":{"line":null,"column":-1}}},"fnMap":{},"branchMap":{},"s":{"1":1,"2":1,"3":1,"4":1,"5":1,"6":1,"7":1,"8":1},"f":{},"b":{}},"D:\\Files\\清华大学\\大三\\软件工程3\\yogurt-backend\\app\\model\\comments.js":{"path":"D:\\Files\\清华大学\\大三\\软件工程3\\yogurt-backend\\app\\model\\comments.js","statementMap":{"1":{"start":{"line":1,"column":0},"end":{"line":16,"column":2}},"2":{"start":{"line":3,"column":17},"end":{"line":3,"column":33}},"3":{"start":{"line":4,"column":4},"end":{"line":14,"column":7}}},"fnMap":{"1":{"name":"(anonymous_1)","decl":{"start":{"line":2,"column":2},"end":{"line":2,"column":3}},"loc":{"start":{"line":2,"column":19},"end":{"line":15,"column":3}}}},"branchMap":{},"s":{"1":1,"2":0,"3":0},"f":{"1":0},"b":{},"hash":"4a15fc1439fc905a21fbc21fbb9e29639faad741"},"D:\\Files\\清华大学\\大三\\软件工程3\\yogurt-backend\\src\\model\\company.js":{"path":"D:\\Files\\清华大学\\大三\\软件工程3\\yogurt-backend\\src\\model\\company.js","statementMap":{"1":{"start":{"line":1,"column":0},"end":{"line":null,"column":-1}},"2":{"start":{"line":3,"column":4},"end":{"line":null,"column":-1}},"3":{"start":{"line":8,"column":4},"end":{"line":null,"column":-1}}},"fnMap":{"1":{"name":"(anonymous_1)","decl":{"start":{"line":2,"column":2},"end":{"line":2,"column":12}},"loc":{"start":{"line":2,"column":24},"end":{"line":6,"column":3}}},"2":{"name":"(anonymous_2)","decl":{"start":{"line":7,"column":2},"end":{"line":7,"column":15}},"loc":{"start":{"line":7,"column":54},"end":{"line":13,"column":3}}}},"branchMap":{},"s":{"1":1,"2":0,"3":0},"f":{"1":0,"2":0},"b":{}},"D:\\Files\\清华大学\\大三\\软件工程3\\yogurt-backend\\app\\model\\index.js":{"path":"D:\\Files\\清华大学\\大三\\软件工程3\\yogurt-backend\\app\\model\\index.js","statementMap":{"1":{"start":{"line":1,"column":0},"end":{"line":1,"column":46}}},"fnMap":{},"branchMap":{},"s":{"1":1},"f":{},"b":{},"hash":"7727c34b4c2faf2b376557236b50e50f9a76403f"},"D:\\Files\\清华大学\\大三\\软件工程3\\yogurt-backend\\src\\model\\manager.js":{"path":"D:\\Files\\清华大学\\大三\\软件工程3\\yogurt-backend\\src\\model\\manager.js","statementMap":{"1":{"start":{"line":1,"column":0},"end":{"line":null,"column":-1}},"2":{"start":{"line":3,"column":4},"end":{"line":null,"column":-1}},"3":{"start":{"line":8,"column":4},"end":{"line":null,"column":-1}},"4":{"start":{"line":17,"column":43},"end":{"line":null,"column":-1}},"5":{"start":{"line":18,"column":19},"end":{"line":18,"column":4}},"6":{"start":{"line":22,"column":4},"end":{"line":null,"column":-1}},"7":{"start":{"line":25,"column":4},"end":{"line":null,"column":-1}},"8":{"start":{"line":29,"column":4},"end":{"line":null,"column":-1}}},"fnMap":{"1":{"name":"(anonymous_7)","decl":{"start":{"line":2,"column":2},"end":{"line":2,"column":12}},"loc":{"start":{"line":2,"column":24},"end":{"line":6,"column":3}}},"2":{"name":"(anonymous_8)","decl":{"start":{"line":7,"column":2},"end":{"line":7,"column":15}},"loc":{"start":{"line":7,"column":73},"end":{"line":16,"column":3}}},"3":{"name":"(anonymous_9)","decl":{"start":{"line":17,"column":8},"end":{"line":17,"column":1}},"loc":{"start":{"line":17,"column":43},"end":{"line":23,"column":3}}},"4":{"name":"(anonymous_10)","decl":{"start":{"line":17,"column":43},"end":{"line":null,"column":-1}},"loc":{"start":{"line":17,"column":43},"end":{"line":null,"column":-1}}},"5":{"name":"(anonymous_11)","decl":{"start":{"line":24,"column":2},"end":{"line":24,"column":14}},"loc":{"start":{"line":24,"column":26},"end":{"line":30,"column":3}}}},"branchMap":{},"s":{"1":1,"2":0,"3":0,"4":0,"5":0,"6":0,"7":0,"8":0},"f":{"1":0,"2":0,"3":0,"4":0,"5":0},"b":{}},"D:\\Files\\清华大学\\大三\\软件工程3\\yogurt-backend\\src\\model\\quickReplyPrivate.js":{"path":"D:\\Files\\清华大学\\大三\\软件工程3\\yogurt-backend\\src\\model\\quickReplyPrivate.js","statementMap":{"1":{"start":{"line":1,"column":0},"end":{"line":null,"column":-1}},"2":{"start":{"line":3,"column":4},"end":{"line":null,"column":-1}},"3":{"start":{"line":10,"column":4},"end":{"line":null,"column":-1}},"4":{"start":{"line":14,"column":17},"end":{"line":14,"column":4}},"5":{"start":{"line":15,"column":4},"end":{"line":null,"column":-1}},"6":{"start":{"line":16,"column":4},"end":{"line":null,"column":-1}},"7":{"start":{"line":17,"column":4},"end":{"line":null,"column":-1}},"8":{"start":{"line":23,"column":17},"end":{"line":23,"column":4}},"9":{"start":{"line":24,"column":4},"end":{"line":null,"column":-1}},"10":{"start":{"line":25,"column":4},"end":{"line":null,"column":-1}},"11":{"start":{"line":26,"column":4},"end":{"line":null,"column":-1}}},"fnMap":{"1":{"name":"(anonymous_1)","decl":{"start":{"line":2,"column":2},"end":{"line":2,"column":5}},"loc":{"start":{"line":2,"column":15},"end":{"line":7,"column":3}}},"2":{"name":"(anonymous_2)","decl":{"start":{"line":9,"column":2},"end":{"line":9,"column":9}},"loc":{"start":{"line":9,"column":19},"end":{"line":11,"column":3}}},"3":{"name":"(anonymous_3)","decl":{"start":{"line":13,"column":2},"end":{"line":13,"column":12}},"loc":{"start":{"line":13,"column":40},"end":{"line":20,"column":3}}},"4":{"name":"(anonymous_4)","decl":{"start":{"line":22,"column":2},"end":{"line":22,"column":12}},"loc":{"start":{"line":22,"column":40},"end":{"line":29,"column":3}}}},"branchMap":{},"s":{"1":1,"2":0,"3":0,"4":0,"5":0,"6":0,"7":0,"8":0,"9":0,"10":0,"11":0},"f":{"1":0,"2":0,"3":0,"4":0},"b":{}},"D:\\Files\\清华大学\\大三\\软件工程3\\yogurt-backend\\src\\model\\quickReplyPublic.js":{"path":"D:\\Files\\清华大学\\大三\\软件工程3\\yogurt-backend\\src\\model\\quickReplyPublic.js","statementMap":{"1":{"start":{"line":1,"column":0},"end":{"line":null,"column":-1}},"2":{"start":{"line":3,"column":4},"end":{"line":null,"column":-1}},"3":{"start":{"line":10,"column":4},"end":{"line":null,"column":-1}},"4":{"start":{"line":14,"column":17},"end":{"line":14,"column":4}},"5":{"start":{"line":15,"column":4},"end":{"line":null,"column":-1}},"6":{"start":{"line":16,"column":4},"end":{"line":null,"column":-1}},"7":{"start":{"line":17,"column":4},"end":{"line":null,"column":-1}},"8":{"start":{"line":22,"column":78},"end":{"line":null,"column":-1}},"9":{"start":{"line":23,"column":20},"end":{"line":23,"column":4}},"10":{"start":{"line":24,"column":20},"end":{"line":24,"column":4}},"11":{"start":{"line":25,"column":4},"end":{"line":null,"column":-1}},"12":{"start":{"line":26,"column":4},"end":{"line":null,"column":-1}},"13":{"start":{"line":27,"column":4},"end":{"line":null,"column":-1}},"14":{"start":{"line":28,"column":4},"end":{"line":null,"column":-1}},"15":{"start":{"line":29,"column":19},"end":{"line":29,"column":4}},"16":{"start":{"line":32,"column":4},"end":{"line":39,"column":5}},"17":{"start":{"line":33,"column":6},"end":{"line":null,"column":-1}},"18":{"start":{"line":36,"column":6},"end":{"line":null,"column":-1}},"19":{"start":{"line":38,"column":6},"end":{"line":null,"column":-1}},"20":{"start":{"line":43,"column":17},"end":{"line":43,"column":4}},"21":{"start":{"line":44,"column":4},"end":{"line":null,"column":-1}},"22":{"start":{"line":45,"column":4},"end":{"line":null,"column":-1}},"23":{"start":{"line":46,"column":4},"end":{"line":null,"column":-1}}},"fnMap":{"1":{"name":"(anonymous_7)","decl":{"start":{"line":2,"column":2},"end":{"line":2,"column":5}},"loc":{"start":{"line":2,"column":15},"end":{"line":7,"column":3}}},"2":{"name":"(anonymous_8)","decl":{"start":{"line":9,"column":2},"end":{"line":9,"column":9}},"loc":{"start":{"line":9,"column":21},"end":{"line":11,"column":3}}},"3":{"name":"(anonymous_9)","decl":{"start":{"line":13,"column":2},"end":{"line":13,"column":12}},"loc":{"start":{"line":13,"column":42},"end":{"line":20,"column":3}}},"4":{"name":"(anonymous_10)","decl":{"start":{"line":22,"column":8},"end":{"line":22,"column":1}},"loc":{"start":{"line":22,"column":78},"end":{"line":40,"column":3}}},"5":{"name":"(anonymous_11)","decl":{"start":{"line":22,"column":78},"end":{"line":null,"column":-1}},"loc":{"start":{"line":22,"column":78},"end":{"line":null,"column":-1}}},"6":{"name":"(anonymous_12)","decl":{"start":{"line":42,"column":2},"end":{"line":42,"column":12}},"loc":{"start":{"line":42,"column":42},"end":{"line":49,"column":3}}}},"branchMap":{"1":{"loc":{"start":{"line":32,"column":4},"end":{"line":39,"column":5}},"type":"if","locations":[{"start":{"line":32,"column":4},"end":{"line":39,"column":5}},{"start":{"line":32,"column":4},"end":{"line":39,"column":5}}]}},"s":{"1":1,"2":0,"3":0,"4":0,"5":0,"6":0,"7":0,"8":0,"9":0,"10":0,"11":0,"12":0,"13":0,"14":0,"15":0,"16":0,"17":0,"18":0,"19":0,"20":0,"21":0,"22":0,"23":0},"f":{"1":0,"2":0,"3":0,"4":0,"5":0,"6":0},"b":{"1":[0,0]}},"D:\\Files\\清华大学\\大三\\软件工程3\\yogurt-backend\\src\\model\\sessionPair.js":{"path":"D:\\Files\\清华大学\\大三\\软件工程3\\yogurt-backend\\src\\model\\sessionPair.js","statementMap":{"1":{"start":{"line":1,"column":0},"end":{"line":null,"column":-1}},"2":{"start":{"line":3,"column":4},"end":{"line":null,"column":-1}},"3":{"start":{"line":13,"column":37},"end":{"line":null,"column":-1}},"4":{"start":{"line":14,"column":17},"end":{"line":14,"column":4}},"5":{"start":{"line":15,"column":4},"end":{"line":28,"column":5}},"6":{"start":{"line":16,"column":6},"end":{"line":null,"column":-1}},"7":{"start":{"line":21,"column":6},"end":{"line":null,"column":-1}},"8":{"start":{"line":31,"column":59},"end":{"line":null,"column":-1}},"9":{"start":{"line":32,"column":21},"end":{"line":32,"column":4}},"10":{"start":{"line":34,"column":20},"end":{"line":34,"column":4}},"11":{"start":{"line":35,"column":4},"end":{"line":null,"column":-1}},"12":{"start":{"line":36,"column":4},"end":{"line":null,"column":-1}},"13":{"start":{"line":37,"column":4},"end":{"line":null,"column":-1}},"14":{"start":{"line":38,"column":4},"end":{"line":null,"column":-1}},"15":{"start":{"line":39,"column":4},"end":{"line":null,"column":-1}},"16":{"start":{"line":40,"column":4},"end":{"line":null,"column":-1}},"17":{"start":{"line":46,"column":26},"end":{"line":null,"column":-1}},"18":{"start":{"line":47,"column":24},"end":{"line":47,"column":4}},"19":{"start":{"line":48,"column":24},"end":{"line":48,"column":4}},"20":{"start":{"line":49,"column":20},"end":{"line":49,"column":4}},"21":{"start":{"line":50,"column":20},"end":{"line":50,"column":4}},"22":{"start":{"line":51,"column":4},"end":{"line":53,"column":5}},"23":{"start":{"line":52,"column":6},"end":{"line":null,"column":-1}},"24":{"start":{"line":54,"column":4},"end":{"line":56,"column":5}},"25":{"start":{"line":55,"column":6},"end":{"line":null,"column":-1}},"26":{"start":{"line":57,"column":4},"end":{"line":null,"column":-1}}},"fnMap":{"1":{"name":"(anonymous_7)","decl":{"start":{"line":2,"column":2},"end":{"line":2,"column":5}},"loc":{"start":{"line":2,"column":15},"end":{"line":11,"column":3}}},"2":{"name":"(anonymous_8)","decl":{"start":{"line":13,"column":8},"end":{"line":13,"column":1}},"loc":{"start":{"line":13,"column":37},"end":{"line":29,"column":3}}},"3":{"name":"(anonymous_9)","decl":{"start":{"line":13,"column":37},"end":{"line":null,"column":-1}},"loc":{"start":{"line":13,"column":37},"end":{"line":null,"column":-1}}},"4":{"name":"(anonymous_10)","decl":{"start":{"line":31,"column":8},"end":{"line":31,"column":1}},"loc":{"start":{"line":31,"column":59},"end":{"line":44,"column":3}}},"5":{"name":"(anonymous_11)","decl":{"start":{"line":31,"column":59},"end":{"line":null,"column":-1}},"loc":{"start":{"line":31,"column":59},"end":{"line":null,"column":-1}}},"6":{"name":"(anonymous_12)","decl":{"start":{"line":46,"column":8},"end":{"line":46,"column":1}},"loc":{"start":{"line":46,"column":26},"end":{"line":58,"column":3}}},"7":{"name":"(anonymous_13)","decl":{"start":{"line":46,"column":26},"end":{"line":null,"column":-1}},"loc":{"start":{"line":46,"column":26},"end":{"line":null,"column":-1}}}},"branchMap":{"1":{"loc":{"start":{"line":15,"column":4},"end":{"line":28,"column":5}},"type":"if","locations":[{"start":{"line":15,"column":4},"end":{"line":28,"column":5}},{"start":{"line":15,"column":4},"end":{"line":28,"column":5}}]}},"s":{"1":1,"2":0,"3":0,"4":0,"5":0,"6":0,"7":0,"8":0,"9":0,"10":0,"11":0,"12":0,"13":0,"14":0,"15":0,"16":0,"17":0,"18":0,"19":0,"20":0,"21":0,"22":0,"23":0,"24":0,"25":0,"26":0},"f":{"1":0,"2":0,"3":0,"4":0,"5":0,"6":0,"7":0},"b":{"1":[0,0]}},"D:\\Files\\清华大学\\大三\\软件工程3\\yogurt-backend\\src\\model\\staff.js":{"path":"D:\\Files\\清华大学\\大三\\软件工程3\\yogurt-backend\\src\\model\\staff.js","statementMap":{"1":{"start":{"line":1,"column":0},"end":{"line":null,"column":-1}},"2":{"start":{"line":3,"column":17},"end":{"line":3,"column":4}},"3":{"start":{"line":4,"column":12},"end":{"line":4,"column":4}},"4":{"start":{"line":5,"column":4},"end":{"line":21,"column":5}},"5":{"start":{"line":6,"column":6},"end":{"line":null,"column":-1}},"6":{"start":{"line":22,"column":4},"end":{"line":null,"column":-1}},"7":{"start":{"line":25,"column":16},"end":{"line":25,"column":4}},"8":{"start":{"line":26,"column":4},"end":{"line":null,"column":-1}},"9":{"start":{"line":29,"column":4},"end":{"line":null,"column":-1}},"10":{"start":{"line":36,"column":4},"end":{"line":null,"column":-1}},"11":{"start":{"line":40,"column":4},"end":{"line":null,"column":-1}},"12":{"start":{"line":43,"column":4},"end":{"line":null,"column":-1}},"13":{"start":{"line":47,"column":4},"end":{"line":null,"column":-1}},"14":{"start":{"line":49,"column":29},"end":{"line":null,"column":-1}},"15":{"start":{"line":50,"column":19},"end":{"line":50,"column":4}},"16":{"start":{"line":54,"column":4},"end":{"line":null,"column":-1}},"17":{"start":{"line":57,"column":4},"end":{"line":null,"column":-1}},"18":{"start":{"line":61,"column":4},"end":{"line":null,"column":-1}}},"fnMap":{"1":{"name":"(anonymous_7)","decl":{"start":{"line":2,"column":2},"end":{"line":2,"column":10}},"loc":{"start":{"line":2,"column":30},"end":{"line":23,"column":3}}},"2":{"name":"(anonymous_8)","decl":{"start":{"line":24,"column":2},"end":{"line":24,"column":15}},"loc":{"start":{"line":24,"column":35},"end":{"line":27,"column":3}}},"3":{"name":"(anonymous_9)","decl":{"start":{"line":28,"column":2},"end":{"line":28,"column":12}},"loc":{"start":{"line":28,"column":22},"end":{"line":34,"column":3}}},"4":{"name":"(anonymous_10)","decl":{"start":{"line":35,"column":2},"end":{"line":35,"column":12}},"loc":{"start":{"line":35,"column":22},"end":{"line":41,"column":3}}},"5":{"name":"(anonymous_11)","decl":{"start":{"line":42,"column":2},"end":{"line":42,"column":11}},"loc":{"start":{"line":42,"column":21},"end":{"line":48,"column":3}}},"6":{"name":"(anonymous_12)","decl":{"start":{"line":49,"column":8},"end":{"line":49,"column":1}},"loc":{"start":{"line":49,"column":29},"end":{"line":55,"column":3}}},"7":{"name":"(anonymous_13)","decl":{"start":{"line":49,"column":29},"end":{"line":null,"column":-1}},"loc":{"start":{"line":49,"column":29},"end":{"line":null,"column":-1}}},"8":{"name":"(anonymous_14)","decl":{"start":{"line":56,"column":2},"end":{"line":56,"column":14}},"loc":{"start":{"line":56,"column":24},"end":{"line":62,"column":3}}}},"branchMap":{},"s":{"1":1,"2":0,"3":0,"4":0,"5":0,"6":0,"7":0,"8":0,"9":0,"10":0,"11":0,"12":0,"13":0,"14":0,"15":0,"16":0,"17":0,"18":0},"f":{"1":0,"2":0,"3":0,"4":0,"5":0,"6":0,"7":0,"8":0},"b":{}},"D:\\Files\\清华大学\\大三\\软件工程3\\yogurt-backend\\app\\model\\user.js":{"path":"D:\\Files\\清华大学\\大三\\软件工程3\\yogurt-backend\\app\\model\\user.js","statementMap":{"1":{"start":{"line":1,"column":0},"end":{"line":1,"column":46}}},"fnMap":{},"branchMap":{},"s":{"1":1},"f":{},"b":{},"hash":"53d9ac4f54bb13bc0c969eb7e00acf5e6d9f6099"},"D:\\Files\\清华大学\\大三\\软件工程3\\yogurt-backend\\app\\service\\index.js":{"path":"D:\\Files\\清华大学\\大三\\软件工程3\\yogurt-backend\\app\\service\\index.js","statementMap":{"1":{"start":{"line":1,"column":0},"end":{"line":1,"column":48}}},"fnMap":{},"branchMap":{},"s":{"1":1},"f":{},"b":{},"hash":"1c3833cdb14a00434e9b762b76f750273c8a61e3"},"D:\\Files\\清华大学\\大三\\软件工程3\\yogurt-backend\\app\\logic\\api\\manager\\account-info.js":{"path":"D:\\Files\\清华大学\\大三\\软件工程3\\yogurt-backend\\app\\logic\\api\\manager\\account-info.js","statementMap":{},"fnMap":{},"branchMap":{},"s":{},"f":{},"b":{},"hash":"12ae188a2fb12594e98782bac349d42c314faf13"},"D:\\Files\\清华大学\\大三\\软件工程3\\yogurt-backend\\app\\logic\\api\\manager\\chat-record.js":{"path":"D:\\Files\\清华大学\\大三\\软件工程3\\yogurt-backend\\app\\logic\\api\\manager\\chat-record.js","statementMap":{},"fnMap":{},"branchMap":{},"s":{},"f":{},"b":{},"hash":"86367d422b0d7580fd1372d341c8feb6079ea753"},"D:\\Files\\清华大学\\大三\\软件工程3\\yogurt-backend\\app\\logic\\api\\manager\\comments.js":{"path":"D:\\Files\\清华大学\\大三\\软件工程3\\yogurt-backend\\app\\logic\\api\\manager\\comments.js","statementMap":{},"fnMap":{},"branchMap":{},"s":{},"f":{},"b":{},"hash":"473af873cd9e0df228c28d05f59ffb1fc14d9139"},"D:\\Files\\清华大学\\大三\\软件工程3\\yogurt-backend\\app\\logic\\api\\manager\\company-info.js":{"path":"D:\\Files\\清华大学\\大三\\软件工程3\\yogurt-backend\\app\\logic\\api\\manager\\company-info.js","statementMap":{},"fnMap":{},"branchMap":{},"s":{},"f":{},"b":{},"hash":"8af1216d4f47fcdeb4b9813f990fef7762bc307c"},"D:\\Files\\清华大学\\大三\\软件工程3\\yogurt-backend\\app\\logic\\api\\manager\\quick-reply\\public.js":{"path":"D:\\Files\\清华大学\\大三\\软件工程3\\yogurt-backend\\app\\logic\\api\\manager\\quick-reply\\public.js","statementMap":{},"fnMap":{},"branchMap":{},"s":{},"f":{},"b":{},"hash":"294fa6ed8e1b94d1905783ce86c95deb83cc239f"},"D:\\Files\\清华大学\\大三\\软件工程3\\yogurt-backend\\app\\logic\\api\\manager\\staff\\list.js":{"path":"D:\\Files\\清华大学\\大三\\软件工程3\\yogurt-backend\\app\\logic\\api\\manager\\staff\\list.js","statementMap":{},"fnMap":{},"branchMap":{},"s":{},"f":{},"b":{},"hash":"0ecba202ca2b835ab3719f1fb4c7840e0b01409a"},"D:\\Files\\清华大学\\大三\\软件工程3\\yogurt-backend\\app\\logic\\api\\manager\\staff.js":{"path":"D:\\Files\\清华大学\\大三\\软件工程3\\yogurt-backend\\app\\logic\\api\\manager\\staff.js","statementMap":{},"fnMap":{},"branchMap":{},"s":{},"f":{},"b":{},"hash":"243b391fd7d9e7ddccc5c0ddc6d78ad1d4ae9385"},"D:\\Files\\清华大学\\大三\\软件工程3\\yogurt-backend\\app\\logic\\api\\manager\\user\\list.js":{"path":"D:\\Files\\清华大学\\大三\\软件工程3\\yogurt-backend\\app\\logic\\api\\manager\\user\\list.js","statementMap":{},"fnMap":{},"branchMap":{},"s":{},"f":{},"b":{},"hash":"ab95d2bbec5dd545735132969a1419b6e4bc020e"},"D:\\Files\\清华大学\\大三\\软件工程3\\yogurt-backend\\app\\logic\\api\\staff\\account-info.js":{"path":"D:\\Files\\清华大学\\大三\\软件工程3\\yogurt-backend\\app\\logic\\api\\staff\\account-info.js","statementMap":{},"fnMap":{},"branchMap":{},"s":{},"f":{},"b":{},"hash":"99a010c20112cf0e919b6c6c765dce43a232e4e1"},"D:\\Files\\清华大学\\大三\\软件工程3\\yogurt-backend\\app\\logic\\api\\staff\\comments.js":{"path":"D:\\Files\\清华大学\\大三\\软件工程3\\yogurt-backend\\app\\logic\\api\\staff\\comments.js","statementMap":{},"fnMap":{},"branchMap":{},"s":{},"f":{},"b":{},"hash":"22e92de4b5aae08735e66864f75f2dbe344591a4"},"D:\\Files\\清华大学\\大三\\软件工程3\\yogurt-backend\\app\\logic\\api\\staff\\quick-reply\\private.js":{"path":"D:\\Files\\清华大学\\大三\\软件工程3\\yogurt-backend\\app\\logic\\api\\staff\\quick-reply\\private.js","statementMap":{},"fnMap":{},"branchMap":{},"s":{},"f":{},"b":{},"hash":"0c84f73bbc4018f5f07695dae1f1660ff4d11716"},"D:\\Files\\清华大学\\大三\\软件工程3\\yogurt-backend\\app\\logic\\api\\staff\\quick-reply\\public.js":{"path":"D:\\Files\\清华大学\\大三\\软件工程3\\yogurt-backend\\app\\logic\\api\\staff\\quick-reply\\public.js","statementMap":{},"fnMap":{},"branchMap":{},"s":{},"f":{},"b":{},"hash":"71e5ef93bd2580810995e291622e4481d412c435"},"D:\\Files\\清华大学\\大三\\软件工程3\\yogurt-backend\\app\\logic\\api\\user\\comments.js":{"path":"D:\\Files\\清华大学\\大三\\软件工程3\\yogurt-backend\\app\\logic\\api\\user\\comments.js","statementMap":{},"fnMap":{},"branchMap":{},"s":{},"f":{},"b":{},"hash":"4d881725bcb8619182adf9203b78018555b6fd49"},"D:\\Files\\清华大学\\大三\\软件工程3\\yogurt-backend\\app\\logic\\api\\user\\queue.js":{"path":"D:\\Files\\清华大学\\大三\\软件工程3\\yogurt-backend\\app\\logic\\api\\user\\queue.js","statementMap":{},"fnMap":{},"branchMap":{},"s":{},"f":{},"b":{},"hash":"95d41e3cd7bf751fbcf3bd2fbff1b4572dfef8cd"},"D:\\Files\\清华大学\\大三\\软件工程3\\yogurt-backend\\app\\logic\\base.js":{"path":"D:\\Files\\清华大学\\大三\\软件工程3\\yogurt-backend\\app\\logic\\base.js","statementMap":{"1":{"start":{"line":1,"column":0},"end":{"line":5,"column":2}}},"fnMap":{"1":{"name":"(anonymous_1)","decl":{"start":{"line":2,"column":2},"end":{"line":2,"column":3}},"loc":{"start":{"line":2,"column":13},"end":{"line":4,"column":3}}}},"branchMap":{},"s":{"1":1},"f":{"1":0},"b":{},"hash":"edda428c9e1f41fbdf9d1f5d9fd563ca29f4f132"},"D:\\Files\\清华大学\\大三\\软件工程3\\yogurt-backend\\app\\logic\\index.js":{"path":"D:\\Files\\清华大学\\大三\\软件工程3\\yogurt-backend\\app\\logic\\index.js","statementMap":{"1":{"start":{"line":1,"column":0},"end":{"line":3,"column":2}}},"fnMap":{"1":{"name":"(anonymous_1)","decl":{"start":{"line":2,"column":2},"end":{"line":2,"column":3}},"loc":{"start":{"line":2,"column":16},"end":{"line":2,"column":18}}}},"branchMap":{},"s":{"1":1},"f":{"1":0},"b":{},"hash":"75c5264007dd8ad12d38c1130a7c5af10a1e68a5"},"D:\\Files\\清华大学\\大三\\软件工程3\\yogurt-backend\\src\\controller\\api\\manager\\account-info.js":{"path":"D:\\Files\\清华大学\\大三\\软件工程3\\yogurt-backend\\src\\controller\\api\\manager\\account-info.js","statementMap":{"1":{"start":{"line":1,"column":13},"end":{"line":1,"column":0}},"2":{"start":{"line":2,"column":0},"end":{"line":null,"column":-1}},"3":{"start":{"line":4,"column":4},"end":{"line":null,"column":-1}},"4":{"start":{"line":5,"column":4},"end":{"line":null,"column":-1}},"5":{"start":{"line":7,"column":20},"end":{"line":null,"column":-1}},"6":{"start":{"line":8,"column":22},"end":{"line":8,"column":4}},"7":{"start":{"line":9,"column":20},"end":{"line":9,"column":4}},"8":{"start":{"line":10,"column":4},"end":{"line":null,"column":-1}},"9":{"start":{"line":12,"column":20},"end":{"line":null,"column":-1}},"10":{"start":{"line":13,"column":22},"end":{"line":13,"column":4}},"11":{"start":{"line":14,"column":15},"end":{"line":14,"column":4}},"12":{"start":{"line":15,"column":19},"end":{"line":15,"column":4}},"13":{"start":{"line":16,"column":19},"end":{"line":16,"column":4}},"14":{"start":{"line":17,"column":16},"end":{"line":17,"column":4}},"15":{"start":{"line":18,"column":14},"end":{"line":18,"column":4}},"16":{"start":{"line":19,"column":17},"end":{"line":19,"column":4}},"17":{"start":{"line":20,"column":20},"end":{"line":20,"column":4}},"18":{"start":{"line":21,"column":4},"end":{"line":23,"column":5}},"19":{"start":{"line":22,"column":6},"end":{"line":null,"column":-1}},"20":{"start":{"line":24,"column":4},"end":{"line":26,"column":5}},"21":{"start":{"line":25,"column":6},"end":{"line":null,"column":-1}},"22":{"start":{"line":27,"column":4},"end":{"line":29,"column":5}},"23":{"start":{"line":28,"column":6},"end":{"line":null,"column":-1}},"24":{"start":{"line":30,"column":4},"end":{"line":32,"column":5}},"25":{"start":{"line":31,"column":6},"end":{"line":null,"column":-1}},"26":{"start":{"line":33,"column":4},"end":{"line":35,"column":5}},"27":{"start":{"line":34,"column":6},"end":{"line":null,"column":-1}},"28":{"start":{"line":36,"column":4},"end":{"line":38,"column":5}},"29":{"start":{"line":37,"column":6},"end":{"line":null,"column":-1}},"30":{"start":{"line":39,"column":4},"end":{"line":null,"column":-1}}},"fnMap":{"1":{"name":"(anonymous_7)","decl":{"start":{"line":3,"column":2},"end":{"line":3,"column":13}},"loc":{"start":{"line":3,"column":23},"end":{"line":6,"column":3}}},"2":{"name":"(anonymous_8)","decl":{"start":{"line":7,"column":8},"end":{"line":7,"column":1}},"loc":{"start":{"line":7,"column":20},"end":{"line":11,"column":3}}},"3":{"name":"(anonymous_9)","decl":{"start":{"line":7,"column":20},"end":{"line":null,"column":-1}},"loc":{"start":{"line":7,"column":20},"end":{"line":null,"column":-1}}},"4":{"name":"(anonymous_10)","decl":{"start":{"line":12,"column":8},"end":{"line":12,"column":1}},"loc":{"start":{"line":12,"column":20},"end":{"line":40,"column":3}}},"5":{"name":"(anonymous_11)","decl":{"start":{"line":12,"column":20},"end":{"line":null,"column":-1}},"loc":{"start":{"line":12,"column":20},"end":{"line":null,"column":-1}}}},"branchMap":{"1":{"loc":{"start":{"line":21,"column":4},"end":{"line":23,"column":5}},"type":"if","locations":[{"start":{"line":21,"column":4},"end":{"line":23,"column":5}},{"start":{"line":21,"column":4},"end":{"line":23,"column":5}}]},"2":{"loc":{"start":{"line":21,"column":8},"end":{"line":21,"column":7}},"type":"binary-expr","locations":[{"start":{"line":21,"column":8},"end":{"line":21,"column":7}},{"start":{"line":21,"column":25},"end":{"line":21,"column":4}}]},"3":{"loc":{"start":{"line":24,"column":4},"end":{"line":26,"column":5}},"type":"if","locations":[{"start":{"line":24,"column":4},"end":{"line":26,"column":5}},{"start":{"line":24,"column":4},"end":{"line":26,"column":5}}]},"4":{"loc":{"start":{"line":24,"column":8},"end":{"line":24,"column":7}},"type":"binary-expr","locations":[{"start":{"line":24,"column":8},"end":{"line":24,"column":7}},{"start":{"line":24,"column":29},"end":{"line":24,"column":4}}]},"5":{"loc":{"start":{"line":27,"column":4},"end":{"line":29,"column":5}},"type":"if","locations":[{"start":{"line":27,"column":4},"end":{"line":29,"column":5}},{"start":{"line":27,"column":4},"end":{"line":29,"column":5}}]},"6":{"loc":{"start":{"line":27,"column":8},"end":{"line":27,"column":7}},"type":"binary-expr","locations":[{"start":{"line":27,"column":8},"end":{"line":27,"column":7}},{"start":{"line":27,"column":29},"end":{"line":27,"column":4}}]},"7":{"loc":{"start":{"line":30,"column":4},"end":{"line":32,"column":5}},"type":"if","locations":[{"start":{"line":30,"column":4},"end":{"line":32,"column":5}},{"start":{"line":30,"column":4},"end":{"line":32,"column":5}}]},"8":{"loc":{"start":{"line":30,"column":8},"end":{"line":30,"column":7}},"type":"binary-expr","locations":[{"start":{"line":30,"column":8},"end":{"line":30,"column":7}},{"start":{"line":30,"column":26},"end":{"line":30,"column":4}}]},"9":{"loc":{"start":{"line":33,"column":4},"end":{"line":35,"column":5}},"type":"if","locations":[{"start":{"line":33,"column":4},"end":{"line":35,"column":5}},{"start":{"line":33,"column":4},"end":{"line":35,"column":5}}]},"10":{"loc":{"start":{"line":33,"column":8},"end":{"line":33,"column":7}},"type":"binary-expr","locations":[{"start":{"line":33,"column":8},"end":{"line":33,"column":7}},{"start":{"line":33,"column":24},"end":{"line":33,"column":4}}]},"11":{"loc":{"start":{"line":36,"column":4},"end":{"line":38,"column":5}},"type":"if","locations":[{"start":{"line":36,"column":4},"end":{"line":38,"column":5}},{"start":{"line":36,"column":4},"end":{"line":38,"column":5}}]},"12":{"loc":{"start":{"line":36,"column":8},"end":{"line":36,"column":7}},"type":"binary-expr","locations":[{"start":{"line":36,"column":8},"end":{"line":36,"column":7}},{"start":{"line":36,"column":27},"end":{"line":36,"column":4}}]}},"s":{"1":1,"2":1,"3":0,"4":0,"5":0,"6":0,"7":0,"8":0,"9":0,"10":0,"11":0,"12":0,"13":0,"14":0,"15":0,"16":0,"17":0,"18":0,"19":0,"20":0,"21":0,"22":0,"23":0,"24":0,"25":0,"26":0,"27":0,"28":0,"29":0,"30":0},"f":{"1":0,"2":0,"3":0,"4":0,"5":0},"b":{"1":[0,0],"2":[0,0],"3":[0,0],"4":[0,0],"5":[0,0],"6":[0,0],"7":[0,0],"8":[0,0],"9":[0,0],"10":[0,0],"11":[0,0],"12":[0,0]}},"D:\\Files\\清华大学\\大三\\软件工程3\\yogurt-backend\\app\\controller\\rest.js":{"path":"D:\\Files\\清华大学\\大三\\软件工程3\\yogurt-backend\\app\\controller\\rest.js","statementMap":{"1":{"start":{"line":1,"column":33},"end":{"line":1,"column":456}},"2":{"start":{"line":1,"column":64},"end":{"line":1,"column":89}},"3":{"start":{"line":1,"column":91},"end":{"line":1,"column":453}},"4":{"start":{"line":1,"column":165},"end":{"line":1,"column":263}},"5":{"start":{"line":1,"column":182},"end":{"line":1,"column":195}},"6":{"start":{"line":1,"column":209},"end":{"line":1,"column":219}},"7":{"start":{"line":1,"column":239},"end":{"line":1,"column":253}},"8":{"start":{"line":1,"column":254},"end":{"line":1,"column":261}},"9":{"start":{"line":1,"column":264},"end":{"line":1,"column":426}},"10":{"start":{"line":1,"column":281},"end":{"line":1,"column":296}},"11":{"start":{"line":1,"column":306},"end":{"line":1,"column":424}},"12":{"start":{"line":1,"column":360},"end":{"line":1,"column":380}},"13":{"start":{"line":1,"column":401},"end":{"line":1,"column":420}},"14":{"start":{"line":1,"column":429},"end":{"line":1,"column":449}},"15":{"start":{"line":3,"column":15},"end":{"line":3,"column":32}},"16":{"start":{"line":5,"column":0},"end":{"line":106,"column":2}},"17":{"start":{"line":7,"column":4},"end":{"line":7,"column":16}},"18":{"start":{"line":11,"column":4},"end":{"line":11,"column":15}},"19":{"start":{"line":12,"column":4},"end":{"line":12,"column":39}},"20":{"start":{"line":13,"column":4},"end":{"line":13,"column":27}},"21":{"start":{"line":14,"column":4},"end":{"line":14,"column":74}},"22":{"start":{"line":15,"column":4},"end":{"line":15,"column":51}},"23":{"start":{"line":23,"column":4},"end":{"line":23,"column":31}},"24":{"start":{"line":26,"column":15},"end":{"line":26,"column":29}},"25":{"start":{"line":27,"column":4},"end":{"line":29,"column":5}},"26":{"start":{"line":28,"column":6},"end":{"line":28,"column":16}},"27":{"start":{"line":30,"column":17},"end":{"line":30,"column":54}},"28":{"start":{"line":31,"column":4},"end":{"line":33,"column":5}},"29":{"start":{"line":32,"column":6},"end":{"line":32,"column":18}},"30":{"start":{"line":34,"column":4},"end":{"line":34,"column":14}},"31":{"start":{"line":37,"column":16},"end":{"line":37,"column":20}},"32":{"start":{"line":39,"column":4},"end":{"line":48,"column":9}},"33":{"start":{"line":41,"column":6},"end":{"line":45,"column":7}},"34":{"start":{"line":42,"column":19},"end":{"line":42,"column":41}},"35":{"start":{"line":43,"column":8},"end":{"line":43,"column":74}},"36":{"start":{"line":44,"column":8},"end":{"line":44,"column":35}},"37":{"start":{"line":46,"column":6},"end":{"line":46,"column":48}},"38":{"start":{"line":47,"column":6},"end":{"line":47,"column":33}},"39":{"start":{"line":55,"column":17},"end":{"line":55,"column":21}},"40":{"start":{"line":57,"column":4},"end":{"line":66,"column":9}},"41":{"start":{"line":58,"column":17},"end":{"line":58,"column":40}},"42":{"start":{"line":59,"column":19},"end":{"line":59,"column":32}},"43":{"start":{"line":60,"column":6},"end":{"line":60,"column":22}},"44":{"start":{"line":61,"column":6},"end":{"line":63,"column":7}},"45":{"start":{"line":62,"column":8},"end":{"line":62,"column":44}},"46":{"start":{"line":64,"column":23},"end":{"line":64,"column":59}},"47":{"start":{"line":65,"column":6},"end":{"line":65,"column":46}},"48":{"start":{"line":73,"column":17},"end":{"line":73,"column":21}},"49":{"start":{"line":75,"column":4},"end":{"line":82,"column":9}},"50":{"start":{"line":76,"column":6},"end":{"line":78,"column":7}},"51":{"start":{"line":77,"column":8},"end":{"line":77,"column":43}},"52":{"start":{"line":79,"column":17},"end":{"line":79,"column":40}},"53":{"start":{"line":80,"column":19},"end":{"line":80,"column":81}},"54":{"start":{"line":81,"column":6},"end":{"line":81,"column":52}},"55":{"start":{"line":89,"column":17},"end":{"line":89,"column":21}},"56":{"start":{"line":91,"column":4},"end":{"line":103,"column":9}},"57":{"start":{"line":92,"column":6},"end":{"line":94,"column":7}},"58":{"start":{"line":93,"column":8},"end":{"line":93,"column":43}},"59":{"start":{"line":95,"column":17},"end":{"line":95,"column":40}},"60":{"start":{"line":96,"column":19},"end":{"line":96,"column":32}},"61":{"start":{"line":97,"column":6},"end":{"line":97,"column":22}},"62":{"start":{"line":98,"column":6},"end":{"line":100,"column":7}},"63":{"start":{"line":99,"column":8},"end":{"line":99,"column":44}},"64":{"start":{"line":101,"column":19},"end":{"line":101,"column":85}},"65":{"start":{"line":102,"column":6},"end":{"line":102,"column":52}}},"fnMap":{"1":{"name":"_asyncToGenerator","decl":{"start":{"line":1,"column":9},"end":{"line":1,"column":26}},"loc":{"start":{"line":1,"column":31},"end":{"line":1,"column":458}}},"2":{"name":"(anonymous_2)","decl":{"start":{"line":1,"column":40},"end":{"line":1,"column":41}},"loc":{"start":{"line":1,"column":52},"end":{"line":1,"column":455}}},"3":{"name":"(anonymous_3)","decl":{"start":{"line":1,"column":110},"end":{"line":1,"column":111}},"loc":{"start":{"line":1,"column":137},"end":{"line":1,"column":451}}},"4":{"name":"step","decl":{"start":{"line":1,"column":148},"end":{"line":1,"column":152}},"loc":{"start":{"line":1,"column":163},"end":{"line":1,"column":428}}},"5":{"name":"(anonymous_5)","decl":{"start":{"line":1,"column":341},"end":{"line":1,"column":342}},"loc":{"start":{"line":1,"column":358},"end":{"line":1,"column":382}}},"6":{"name":"(anonymous_6)","decl":{"start":{"line":1,"column":384},"end":{"line":1,"column":385}},"loc":{"start":{"line":1,"column":399},"end":{"line":1,"column":422}}},"7":{"name":"(anonymous_7)","decl":{"start":{"line":6,"column":2},"end":{"line":6,"column":3}},"loc":{"start":{"line":6,"column":21},"end":{"line":8,"column":3}}},"8":{"name":"(anonymous_8)","decl":{"start":{"line":10,"column":2},"end":{"line":10,"column":3}},"loc":{"start":{"line":10,"column":19},"end":{"line":16,"column":3}}},"9":{"name":"(anonymous_9)","decl":{"start":{"line":17,"column":2},"end":{"line":17,"column":3}},"loc":{"start":{"line":17,"column":13},"end":{"line":17,"column":15}}},"10":{"name":"(anonymous_10)","decl":{"start":{"line":22,"column":2},"end":{"line":22,"column":3}},"loc":{"start":{"line":22,"column":16},"end":{"line":24,"column":3}}},"11":{"name":"(anonymous_11)","decl":{"start":{"line":25,"column":2},"end":{"line":25,"column":3}},"loc":{"start":{"line":25,"column":10},"end":{"line":35,"column":3}}},"12":{"name":"(anonymous_12)","decl":{"start":{"line":36,"column":2},"end":{"line":36,"column":3}},"loc":{"start":{"line":36,"column":14},"end":{"line":49,"column":3}}},"13":{"name":"(anonymous_13)","decl":{"start":{"line":39,"column":29},"end":{"line":39,"column":30}},"loc":{"start":{"line":39,"column":42},"end":{"line":48,"column":5}}},"14":{"name":"(anonymous_14)","decl":{"start":{"line":54,"column":2},"end":{"line":54,"column":3}},"loc":{"start":{"line":54,"column":15},"end":{"line":67,"column":3}}},"15":{"name":"(anonymous_15)","decl":{"start":{"line":57,"column":29},"end":{"line":57,"column":30}},"loc":{"start":{"line":57,"column":42},"end":{"line":66,"column":5}}},"16":{"name":"(anonymous_16)","decl":{"start":{"line":72,"column":2},"end":{"line":72,"column":3}},"loc":{"start":{"line":72,"column":17},"end":{"line":83,"column":3}}},"17":{"name":"(anonymous_17)","decl":{"start":{"line":75,"column":29},"end":{"line":75,"column":30}},"loc":{"start":{"line":75,"column":42},"end":{"line":82,"column":5}}},"18":{"name":"(anonymous_18)","decl":{"start":{"line":88,"column":2},"end":{"line":88,"column":3}},"loc":{"start":{"line":88,"column":14},"end":{"line":104,"column":3}}},"19":{"name":"(anonymous_19)","decl":{"start":{"line":91,"column":29},"end":{"line":91,"column":30}},"loc":{"start":{"line":91,"column":42},"end":{"line":103,"column":5}}},"20":{"name":"(anonymous_20)","decl":{"start":{"line":105,"column":2},"end":{"line":105,"column":3}},"loc":{"start":{"line":105,"column":11},"end":{"line":105,"column":13}}}},"branchMap":{"1":{"loc":{"start":{"line":1,"column":264},"end":{"line":1,"column":426}},"type":"if","locations":[{"start":{"line":1,"column":264},"end":{"line":1,"column":426}},{"start":{"line":1,"column":264},"end":{"line":1,"column":426}}]},"2":{"loc":{"start":{"line":27,"column":4},"end":{"line":29,"column":5}},"type":"if","locations":[{"start":{"line":27,"column":4},"end":{"line":29,"column":5}},{"start":{"line":27,"column":4},"end":{"line":29,"column":5}}]},"3":{"loc":{"start":{"line":27,"column":8},"end":{"line":27,"column":56}},"type":"binary-expr","locations":[{"start":{"line":27,"column":8},"end":{"line":27,"column":10}},{"start":{"line":27,"column":15},"end":{"line":27,"column":33}},{"start":{"line":27,"column":37},"end":{"line":27,"column":55}}]},"4":{"loc":{"start":{"line":31,"column":4},"end":{"line":33,"column":5}},"type":"if","locations":[{"start":{"line":31,"column":4},"end":{"line":33,"column":5}},{"start":{"line":31,"column":4},"end":{"line":33,"column":5}}]},"5":{"loc":{"start":{"line":41,"column":6},"end":{"line":45,"column":7}},"type":"if","locations":[{"start":{"line":41,"column":6},"end":{"line":45,"column":7}},{"start":{"line":41,"column":6},"end":{"line":45,"column":7}}]},"6":{"loc":{"start":{"line":61,"column":6},"end":{"line":63,"column":7}},"type":"if","locations":[{"start":{"line":61,"column":6},"end":{"line":63,"column":7}},{"start":{"line":61,"column":6},"end":{"line":63,"column":7}}]},"7":{"loc":{"start":{"line":76,"column":6},"end":{"line":78,"column":7}},"type":"if","locations":[{"start":{"line":76,"column":6},"end":{"line":78,"column":7}},{"start":{"line":76,"column":6},"end":{"line":78,"column":7}}]},"8":{"loc":{"start":{"line":92,"column":6},"end":{"line":94,"column":7}},"type":"if","locations":[{"start":{"line":92,"column":6},"end":{"line":94,"column":7}},{"start":{"line":92,"column":6},"end":{"line":94,"column":7}}]},"9":{"loc":{"start":{"line":98,"column":6},"end":{"line":100,"column":7}},"type":"if","locations":[{"start":{"line":98,"column":6},"end":{"line":100,"column":7}},{"start":{"line":98,"column":6},"end":{"line":100,"column":7}}]}},"s":{"1":0,"2":0,"3":0,"4":0,"5":0,"6":0,"7":0,"8":0,"9":0,"10":0,"11":0,"12":0,"13":0,"14":0,"15":1,"16":1,"17":0,"18":0,"19":0,"20":0,"21":0,"22":0,"23":0,"24":0,"25":0,"26":0,"27":0,"28":0,"29":0,"30":0,"31":0,"32":0,"33":0,"34":0,"35":0,"36":0,"37":0,"38":0,"39":0,"40":0,"41":0,"42":0,"43":0,"44":0,"45":0,"46":0,"47":0,"48":0,"49":0,"50":0,"51":0,"52":0,"53":0,"54":0,"55":0,"56":0,"57":0,"58":0,"59":0,"60":0,"61":0,"62":0,"63":0,"64":0,"65":0},"f":{"1":0,"2":0,"3":0,"4":0,"5":0,"6":0,"7":0,"8":0,"9":0,"10":0,"11":0,"12":0,"13":0,"14":0,"15":0,"16":0,"17":0,"18":0,"19":0,"20":0},"b":{"1":[0,0],"2":[0,0],"3":[0,0,0],"4":[0,0],"5":[0,0],"6":[0,0],"7":[0,0],"8":[0,0],"9":[0,0]},"hash":"caa709f982df4a474ed7e6e34c126e60f77b3758"},"D:\\Files\\清华大学\\大三\\软件工程3\\yogurt-backend\\app\\controller\\api\\manager\\chat-record.js":{"path":"D:\\Files\\清华大学\\大三\\软件工程3\\yogurt-backend\\app\\controller\\api\\manager\\chat-record.js","statementMap":{"1":{"start":{"line":1,"column":33},"end":{"line":1,"column":456}},"2":{"start":{"line":1,"column":64},"end":{"line":1,"column":89}},"3":{"start":{"line":1,"column":91},"end":{"line":1,"column":453}},"4":{"start":{"line":1,"column":165},"end":{"line":1,"column":263}},"5":{"start":{"line":1,"column":182},"end":{"line":1,"column":195}},"6":{"start":{"line":1,"column":209},"end":{"line":1,"column":219}},"7":{"start":{"line":1,"column":239},"end":{"line":1,"column":253}},"8":{"start":{"line":1,"column":254},"end":{"line":1,"column":261}},"9":{"start":{"line":1,"column":264},"end":{"line":1,"column":426}},"10":{"start":{"line":1,"column":281},"end":{"line":1,"column":296}},"11":{"start":{"line":1,"column":306},"end":{"line":1,"column":424}},"12":{"start":{"line":1,"column":360},"end":{"line":1,"column":380}},"13":{"start":{"line":1,"column":401},"end":{"line":1,"column":420}},"14":{"start":{"line":1,"column":429},"end":{"line":1,"column":449}},"15":{"start":{"line":3,"column":13},"end":{"line":3,"column":37}},"16":{"start":{"line":4,"column":0},"end":{"line":22,"column":2}},"17":{"start":{"line":6,"column":16},"end":{"line":6,"column":20}},"18":{"start":{"line":8,"column":4},"end":{"line":20,"column":9}},"19":{"start":{"line":13,"column":20},"end":{"line":13,"column":38}},"20":{"start":{"line":15,"column":6},"end":{"line":19,"column":15}}},"fnMap":{"1":{"name":"_asyncToGenerator","decl":{"start":{"line":1,"column":9},"end":{"line":1,"column":26}},"loc":{"start":{"line":1,"column":31},"end":{"line":1,"column":458}}},"2":{"name":"(anonymous_2)","decl":{"start":{"line":1,"column":40},"end":{"line":1,"column":41}},"loc":{"start":{"line":1,"column":52},"end":{"line":1,"column":455}}},"3":{"name":"(anonymous_3)","decl":{"start":{"line":1,"column":110},"end":{"line":1,"column":111}},"loc":{"start":{"line":1,"column":137},"end":{"line":1,"column":451}}},"4":{"name":"step","decl":{"start":{"line":1,"column":148},"end":{"line":1,"column":152}},"loc":{"start":{"line":1,"column":163},"end":{"line":1,"column":428}}},"5":{"name":"(anonymous_5)","decl":{"start":{"line":1,"column":341},"end":{"line":1,"column":342}},"loc":{"start":{"line":1,"column":358},"end":{"line":1,"column":382}}},"6":{"name":"(anonymous_6)","decl":{"start":{"line":1,"column":384},"end":{"line":1,"column":385}},"loc":{"start":{"line":1,"column":399},"end":{"line":1,"column":422}}},"7":{"name":"(anonymous_7)","decl":{"start":{"line":5,"column":2},"end":{"line":5,"column":3}},"loc":{"start":{"line":5,"column":14},"end":{"line":21,"column":3}}},"8":{"name":"(anonymous_8)","decl":{"start":{"line":8,"column":29},"end":{"line":8,"column":30}},"loc":{"start":{"line":8,"column":42},"end":{"line":20,"column":5}}}},"branchMap":{"1":{"loc":{"start":{"line":1,"column":264},"end":{"line":1,"column":426}},"type":"if","locations":[{"start":{"line":1,"column":264},"end":{"line":1,"column":426}},{"start":{"line":1,"column":264},"end":{"line":1,"column":426}}]},"2":{"loc":{"start":{"line":15,"column":6},"end":{"line":19,"column":15}},"type":"if","locations":[{"start":{"line":15,"column":6},"end":{"line":19,"column":15}},{"start":{"line":15,"column":6},"end":{"line":19,"column":15}}]}},"s":{"1":0,"2":0,"3":0,"4":0,"5":0,"6":0,"7":0,"8":0,"9":0,"10":0,"11":0,"12":0,"13":0,"14":0,"15":1,"16":1,"17":0,"18":0,"19":0,"20":0},"f":{"1":0,"2":0,"3":0,"4":0,"5":0,"6":0,"7":0,"8":0},"b":{"1":[0,0],"2":[0,0]},"hash":"b5c9e44d6919bf43f4f4982aa579219b6f6115f1"},"D:\\Files\\清华大学\\大三\\软件工程3\\yogurt-backend\\app\\controller\\base.js":{"path":"D:\\Files\\清华大学\\大三\\软件工程3\\yogurt-backend\\app\\controller\\base.js","statementMap":{"1":{"start":{"line":1,"column":0},"end":{"line":3,"column":2}}},"fnMap":{"1":{"name":"(anonymous_1)","decl":{"start":{"line":2,"column":2},"end":{"line":2,"column":3}},"loc":{"start":{"line":2,"column":13},"end":{"line":2,"column":15}}}},"branchMap":{},"s":{"1":1},"f":{"1":0},"b":{},"hash":"e457439ee4c4a5eb6923e6f461358b3a14a959fe"},"D:\\Files\\清华大学\\大三\\软件工程3\\yogurt-backend\\app\\controller\\api\\manager\\comments.js":{"path":"D:\\Files\\清华大学\\大三\\软件工程3\\yogurt-backend\\app\\controller\\api\\manager\\comments.js","statementMap":{"1":{"start":{"line":1,"column":33},"end":{"line":1,"column":456}},"2":{"start":{"line":1,"column":64},"end":{"line":1,"column":89}},"3":{"start":{"line":1,"column":91},"end":{"line":1,"column":453}},"4":{"start":{"line":1,"column":165},"end":{"line":1,"column":263}},"5":{"start":{"line":1,"column":182},"end":{"line":1,"column":195}},"6":{"start":{"line":1,"column":209},"end":{"line":1,"column":219}},"7":{"start":{"line":1,"column":239},"end":{"line":1,"column":253}},"8":{"start":{"line":1,"column":254},"end":{"line":1,"column":261}},"9":{"start":{"line":1,"column":264},"end":{"line":1,"column":426}},"10":{"start":{"line":1,"column":281},"end":{"line":1,"column":296}},"11":{"start":{"line":1,"column":306},"end":{"line":1,"column":424}},"12":{"start":{"line":1,"column":360},"end":{"line":1,"column":380}},"13":{"start":{"line":1,"column":401},"end":{"line":1,"column":420}},"14":{"start":{"line":1,"column":429},"end":{"line":1,"column":449}},"15":{"start":{"line":3,"column":13},"end":{"line":3,"column":37}},"16":{"start":{"line":4,"column":0},"end":{"line":45,"column":2}},"17":{"start":{"line":6,"column":4},"end":{"line":6,"column":19}},"18":{"start":{"line":7,"column":4},"end":{"line":7,"column":48}},"19":{"start":{"line":10,"column":16},"end":{"line":10,"column":20}},"20":{"start":{"line":12,"column":4},"end":{"line":35,"column":9}},"21":{"start":{"line":13,"column":24},"end":{"line":13,"column":46}},"22":{"start":{"line":14,"column":6},"end":{"line":32,"column":7}},"23":{"start":{"line":15,"column":24},"end":{"line":15,"column":44}},"24":{"start":{"line":16,"column":26},"end":{"line":16,"column":48}},"25":{"start":{"line":17,"column":24},"end":{"line":17,"column":44}},"26":{"start":{"line":18,"column":8},"end":{"line":31,"column":9}},"27":{"start":{"line":19,"column":27},"end":{"line":22,"column":21}},"28":{"start":{"line":24,"column":10},"end":{"line":24,"column":41}},"29":{"start":{"line":26,"column":27},"end":{"line":28,"column":21}},"30":{"start":{"line":30,"column":10},"end":{"line":30,"column":41}},"31":{"start":{"line":33,"column":22},"end":{"line":33,"column":73}},"32":{"start":{"line":34,"column":6},"end":{"line":34,"column":36}},"33":{"start":{"line":38,"column":17},"end":{"line":38,"column":21}},"34":{"start":{"line":40,"column":4},"end":{"line":43,"column":9}},"35":{"start":{"line":41,"column":25},"end":{"line":41,"column":49}},"36":{"start":{"line":42,"column":6},"end":{"line":42,"column":76}}},"fnMap":{"1":{"name":"_asyncToGenerator","decl":{"start":{"line":1,"column":9},"end":{"line":1,"column":26}},"loc":{"start":{"line":1,"column":31},"end":{"line":1,"column":458}}},"2":{"name":"(anonymous_2)","decl":{"start":{"line":1,"column":40},"end":{"line":1,"column":41}},"loc":{"start":{"line":1,"column":52},"end":{"line":1,"column":455}}},"3":{"name":"(anonymous_3)","decl":{"start":{"line":1,"column":110},"end":{"line":1,"column":111}},"loc":{"start":{"line":1,"column":137},"end":{"line":1,"column":451}}},"4":{"name":"step","decl":{"start":{"line":1,"column":148},"end":{"line":1,"column":152}},"loc":{"start":{"line":1,"column":163},"end":{"line":1,"column":428}}},"5":{"name":"(anonymous_5)","decl":{"start":{"line":1,"column":341},"end":{"line":1,"column":342}},"loc":{"start":{"line":1,"column":358},"end":{"line":1,"column":382}}},"6":{"name":"(anonymous_6)","decl":{"start":{"line":1,"column":384},"end":{"line":1,"column":385}},"loc":{"start":{"line":1,"column":399},"end":{"line":1,"column":422}}},"7":{"name":"(anonymous_7)","decl":{"start":{"line":5,"column":2},"end":{"line":5,"column":3}},"loc":{"start":{"line":5,"column":23},"end":{"line":8,"column":3}}},"8":{"name":"(anonymous_8)","decl":{"start":{"line":9,"column":2},"end":{"line":9,"column":3}},"loc":{"start":{"line":9,"column":14},"end":{"line":36,"column":3}}},"9":{"name":"(anonymous_9)","decl":{"start":{"line":12,"column":29},"end":{"line":12,"column":30}},"loc":{"start":{"line":12,"column":42},"end":{"line":35,"column":5}}},"10":{"name":"(anonymous_10)","decl":{"start":{"line":37,"column":2},"end":{"line":37,"column":3}},"loc":{"start":{"line":37,"column":17},"end":{"line":44,"column":3}}},"11":{"name":"(anonymous_11)","decl":{"start":{"line":40,"column":29},"end":{"line":40,"column":30}},"loc":{"start":{"line":40,"column":42},"end":{"line":43,"column":5}}}},"branchMap":{"1":{"loc":{"start":{"line":1,"column":264},"end":{"line":1,"column":426}},"type":"if","locations":[{"start":{"line":1,"column":264},"end":{"line":1,"column":426}},{"start":{"line":1,"column":264},"end":{"line":1,"column":426}}]},"2":{"loc":{"start":{"line":14,"column":6},"end":{"line":32,"column":7}},"type":"if","locations":[{"start":{"line":14,"column":6},"end":{"line":32,"column":7}},{"start":{"line":14,"column":6},"end":{"line":32,"column":7}}]},"3":{"loc":{"start":{"line":14,"column":10},"end":{"line":14,"column":55}},"type":"binary-expr","locations":[{"start":{"line":14,"column":10},"end":{"line":14,"column":28}},{"start":{"line":14,"column":32},"end":{"line":14,"column":55}}]},"4":{"loc":{"start":{"line":18,"column":8},"end":{"line":31,"column":9}},"type":"if","locations":[{"start":{"line":18,"column":8},"end":{"line":31,"column":9}},{"start":{"line":18,"column":8},"end":{"line":31,"column":9}}]},"5":{"loc":{"start":{"line":18,"column":12},"end":{"line":18,"column":50}},"type":"binary-expr","locations":[{"start":{"line":18,"column":12},"end":{"line":18,"column":30}},{"start":{"line":18,"column":34},"end":{"line":18,"column":50}}]}},"s":{"1":0,"2":0,"3":0,"4":0,"5":0,"6":0,"7":0,"8":0,"9":0,"10":0,"11":0,"12":0,"13":0,"14":0,"15":1,"16":1,"17":0,"18":0,"19":0,"20":0,"21":0,"22":0,"23":0,"24":0,"25":0,"26":0,"27":0,"28":0,"29":0,"30":0,"31":0,"32":0,"33":0,"34":0,"35":0,"36":0},"f":{"1":0,"2":0,"3":0,"4":0,"5":0,"6":0,"7":0,"8":0,"9":0,"10":0,"11":0},"b":{"1":[0,0],"2":[0,0],"3":[0,0],"4":[0,0],"5":[0,0]},"hash":"618e3c0b5ba263350f7d3f79ae14304c046cf9e0"},"D:\\Files\\清华大学\\大三\\软件工程3\\yogurt-backend\\src\\controller\\api\\manager\\company-info.js":{"path":"D:\\Files\\清华大学\\大三\\软件工程3\\yogurt-backend\\src\\controller\\api\\manager\\company-info.js","statementMap":{"1":{"start":{"line":1,"column":13},"end":{"line":1,"column":0}},"2":{"start":{"line":2,"column":0},"end":{"line":null,"column":-1}},"3":{"start":{"line":4,"column":4},"end":{"line":null,"column":-1}},"4":{"start":{"line":5,"column":4},"end":{"line":null,"column":-1}},"5":{"start":{"line":7,"column":20},"end":{"line":null,"column":-1}},"6":{"start":{"line":8,"column":22},"end":{"line":8,"column":4}},"7":{"start":{"line":9,"column":20},"end":{"line":9,"column":4}},"8":{"start":{"line":10,"column":4},"end":{"line":null,"column":-1}},"9":{"start":{"line":12,"column":20},"end":{"line":null,"column":-1}},"10":{"start":{"line":13,"column":22},"end":{"line":13,"column":4}},"11":{"start":{"line":14,"column":15},"end":{"line":14,"column":4}},"12":{"start":{"line":15,"column":17},"end":{"line":15,"column":4}},"13":{"start":{"line":16,"column":22},"end":{"line":16,"column":4}},"14":{"start":{"line":17,"column":20},"end":{"line":17,"column":4}},"15":{"start":{"line":18,"column":4},"end":{"line":20,"column":5}},"16":{"start":{"line":19,"column":6},"end":{"line":null,"column":-1}},"17":{"start":{"line":21,"column":4},"end":{"line":23,"column":5}},"18":{"start":{"line":22,"column":6},"end":{"line":null,"column":-1}},"19":{"start":{"line":24,"column":4},"end":{"line":26,"column":5}},"20":{"start":{"line":25,"column":6},"end":{"line":null,"column":-1}},"21":{"start":{"line":27,"column":4},"end":{"line":null,"column":-1}}},"fnMap":{"1":{"name":"(anonymous_7)","decl":{"start":{"line":3,"column":2},"end":{"line":3,"column":13}},"loc":{"start":{"line":3,"column":23},"end":{"line":6,"column":3}}},"2":{"name":"(anonymous_8)","decl":{"start":{"line":7,"column":8},"end":{"line":7,"column":1}},"loc":{"start":{"line":7,"column":20},"end":{"line":11,"column":3}}},"3":{"name":"(anonymous_9)","decl":{"start":{"line":7,"column":20},"end":{"line":null,"column":-1}},"loc":{"start":{"line":7,"column":20},"end":{"line":null,"column":-1}}},"4":{"name":"(anonymous_10)","decl":{"start":{"line":12,"column":8},"end":{"line":12,"column":1}},"loc":{"start":{"line":12,"column":20},"end":{"line":28,"column":3}}},"5":{"name":"(anonymous_11)","decl":{"start":{"line":12,"column":20},"end":{"line":null,"column":-1}},"loc":{"start":{"line":12,"column":20},"end":{"line":null,"column":-1}}}},"branchMap":{"1":{"loc":{"start":{"line":18,"column":4},"end":{"line":20,"column":5}},"type":"if","locations":[{"start":{"line":18,"column":4},"end":{"line":20,"column":5}},{"start":{"line":18,"column":4},"end":{"line":20,"column":5}}]},"2":{"loc":{"start":{"line":21,"column":4},"end":{"line":23,"column":5}},"type":"if","locations":[{"start":{"line":21,"column":4},"end":{"line":23,"column":5}},{"start":{"line":21,"column":4},"end":{"line":23,"column":5}}]},"3":{"loc":{"start":{"line":24,"column":4},"end":{"line":26,"column":5}},"type":"if","locations":[{"start":{"line":24,"column":4},"end":{"line":26,"column":5}},{"start":{"line":24,"column":4},"end":{"line":26,"column":5}}]}},"s":{"1":1,"2":1,"3":0,"4":0,"5":0,"6":0,"7":0,"8":0,"9":0,"10":0,"11":0,"12":0,"13":0,"14":0,"15":0,"16":0,"17":0,"18":0,"19":0,"20":0,"21":0},"f":{"1":0,"2":0,"3":0,"4":0,"5":0},"b":{"1":[0,0],"2":[0,0],"3":[0,0]}},"D:\\Files\\清华大学\\大三\\软件工程3\\yogurt-backend\\src\\controller\\api\\manager\\login.js":{"path":"D:\\Files\\清华大学\\大三\\软件工程3\\yogurt-backend\\src\\controller\\api\\manager\\login.js","statementMap":{"1":{"start":{"line":1,"column":13},"end":{"line":1,"column":0}},"2":{"start":{"line":2,"column":12},"end":{"line":2,"column":0}},"3":{"start":{"line":3,"column":0},"end":{"line":null,"column":-1}},"4":{"start":{"line":5,"column":4},"end":{"line":null,"column":-1}},"5":{"start":{"line":6,"column":4},"end":{"line":null,"column":-1}},"6":{"start":{"line":10,"column":22},"end":{"line":10,"column":4}},"7":{"start":{"line":11,"column":18},"end":{"line":11,"column":4}},"8":{"start":{"line":12,"column":17},"end":{"line":12,"column":4}},"9":{"start":{"line":13,"column":4},"end":{"line":null,"column":-1}},"10":{"start":{"line":14,"column":6},"end":{"line":30,"column":7}},"11":{"start":{"line":15,"column":8},"end":{"line":null,"column":-1}},"12":{"start":{"line":20,"column":8},"end":{"line":25,"column":9}},"13":{"start":{"line":21,"column":10},"end":{"line":null,"column":-1}},"14":{"start":{"line":26,"column":8},"end":{"line":null,"column":-1}},"15":{"start":{"line":34,"column":21},"end":{"line":null,"column":-1}},"16":{"start":{"line":35,"column":22},"end":{"line":35,"column":4}},"17":{"start":{"line":36,"column":21},"end":{"line":36,"column":4}},"18":{"start":{"line":37,"column":19},"end":{"line":37,"column":4}},"19":{"start":{"line":38,"column":4},"end":{"line":50,"column":5}},"20":{"start":{"line":39,"column":6},"end":{"line":null,"column":-1}},"21":{"start":{"line":44,"column":20},"end":{"line":44,"column":6}},"22":{"start":{"line":45,"column":6},"end":{"line":null,"column":-1}}},"fnMap":{"1":{"name":"(anonymous_7)","decl":{"start":{"line":4,"column":2},"end":{"line":4,"column":13}},"loc":{"start":{"line":4,"column":23},"end":{"line":7,"column":3}}},"2":{"name":"(anonymous_8)","decl":{"start":{"line":9,"column":2},"end":{"line":9,"column":13}},"loc":{"start":{"line":9,"column":14},"end":{"line":32,"column":3}}},"3":{"name":"(anonymous_9)","decl":{"start":{"line":13,"column":48},"end":{"line":13,"column":56}},"loc":{"start":{"line":13,"column":70},"end":{"line":13,"column":4}}},"4":{"name":"(anonymous_10)","decl":{"start":{"line":34,"column":8},"end":{"line":34,"column":1}},"loc":{"start":{"line":34,"column":21},"end":{"line":51,"column":3}}},"5":{"name":"(anonymous_11)","decl":{"start":{"line":34,"column":21},"end":{"line":null,"column":-1}},"loc":{"start":{"line":34,"column":21},"end":{"line":null,"column":-1}}}},"branchMap":{"1":{"loc":{"start":{"line":14,"column":6},"end":{"line":30,"column":7}},"type":"if","locations":[{"start":{"line":14,"column":6},"end":{"line":30,"column":7}},{"start":{"line":14,"column":6},"end":{"line":30,"column":7}}]},"2":{"loc":{"start":{"line":20,"column":8},"end":{"line":25,"column":9}},"type":"if","locations":[{"start":{"line":20,"column":8},"end":{"line":25,"column":9}},{"start":{"line":20,"column":8},"end":{"line":25,"column":9}}]},"3":{"loc":{"start":{"line":38,"column":4},"end":{"line":50,"column":5}},"type":"if","locations":[{"start":{"line":38,"column":4},"end":{"line":50,"column":5}},{"start":{"line":38,"column":4},"end":{"line":50,"column":5}}]}},"s":{"1":1,"2":1,"3":1,"4":0,"5":0,"6":0,"7":0,"8":0,"9":0,"10":0,"11":0,"12":0,"13":0,"14":0,"15":0,"16":0,"17":0,"18":0,"19":0,"20":0,"21":0,"22":0},"f":{"1":0,"2":0,"3":0,"4":0,"5":0},"b":{"1":[0,0],"2":[0,0],"3":[0,0]}},"D:\\Files\\清华大学\\大三\\软件工程3\\yogurt-backend\\src\\controller\\api\\manager\\quick-reply\\public.js":{"path":"D:\\Files\\清华大学\\大三\\软件工程3\\yogurt-backend\\src\\controller\\api\\manager\\quick-reply\\public.js","statementMap":{"1":{"start":{"line":1,"column":13},"end":{"line":1,"column":0}},"2":{"start":{"line":2,"column":0},"end":{"line":null,"column":-1}},"3":{"start":{"line":4,"column":4},"end":{"line":null,"column":-1}},"4":{"start":{"line":5,"column":4},"end":{"line":null,"column":-1}},"5":{"start":{"line":7,"column":20},"end":{"line":null,"column":-1}},"6":{"start":{"line":8,"column":22},"end":{"line":8,"column":4}},"7":{"start":{"line":9,"column":20},"end":{"line":9,"column":4}},"8":{"start":{"line":10,"column":4},"end":{"line":null,"column":-1}},"9":{"start":{"line":13,"column":21},"end":{"line":null,"column":-1}},"10":{"start":{"line":14,"column":22},"end":{"line":14,"column":4}},"11":{"start":{"line":15,"column":19},"end":{"line":15,"column":4}},"12":{"start":{"line":16,"column":21},"end":{"line":16,"column":4}},"13":{"start":{"line":17,"column":4},"end":{"line":null,"column":-1}},"14":{"start":{"line":20,"column":20},"end":{"line":null,"column":-1}},"15":{"start":{"line":21,"column":22},"end":{"line":21,"column":4}},"16":{"start":{"line":22,"column":22},"end":{"line":22,"column":4}},"17":{"start":{"line":23,"column":24},"end":{"line":23,"column":4}},"18":{"start":{"line":24,"column":22},"end":{"line":24,"column":4}},"19":{"start":{"line":25,"column":24},"end":{"line":25,"column":4}},"20":{"start":{"line":26,"column":19},"end":{"line":26,"column":4}},"21":{"start":{"line":27,"column":4},"end":{"line":42,"column":5}},"22":{"start":{"line":28,"column":6},"end":{"line":null,"column":-1}},"23":{"start":{"line":32,"column":11},"end":{"line":42,"column":5}},"24":{"start":{"line":33,"column":6},"end":{"line":null,"column":-1}},"25":{"start":{"line":37,"column":11},"end":{"line":42,"column":5}},"26":{"start":{"line":38,"column":6},"end":{"line":null,"column":-1}},"27":{"start":{"line":45,"column":23},"end":{"line":null,"column":-1}},"28":{"start":{"line":46,"column":18},"end":{"line":46,"column":4}},"29":{"start":{"line":47,"column":22},"end":{"line":47,"column":4}},"30":{"start":{"line":48,"column":4},"end":{"line":50,"column":5}},"31":{"start":{"line":49,"column":6},"end":{"line":null,"column":-1}}},"fnMap":{"1":{"name":"(anonymous_7)","decl":{"start":{"line":3,"column":2},"end":{"line":3,"column":13}},"loc":{"start":{"line":3,"column":23},"end":{"line":6,"column":3}}},"2":{"name":"(anonymous_8)","decl":{"start":{"line":7,"column":8},"end":{"line":7,"column":1}},"loc":{"start":{"line":7,"column":20},"end":{"line":11,"column":3}}},"3":{"name":"(anonymous_9)","decl":{"start":{"line":7,"column":20},"end":{"line":null,"column":-1}},"loc":{"start":{"line":7,"column":20},"end":{"line":null,"column":-1}}},"4":{"name":"(anonymous_10)","decl":{"start":{"line":13,"column":8},"end":{"line":13,"column":1}},"loc":{"start":{"line":13,"column":21},"end":{"line":18,"column":3}}},"5":{"name":"(anonymous_11)","decl":{"start":{"line":13,"column":21},"end":{"line":null,"column":-1}},"loc":{"start":{"line":13,"column":21},"end":{"line":null,"column":-1}}},"6":{"name":"(anonymous_12)","decl":{"start":{"line":20,"column":8},"end":{"line":20,"column":1}},"loc":{"start":{"line":20,"column":20},"end":{"line":43,"column":3}}},"7":{"name":"(anonymous_13)","decl":{"start":{"line":20,"column":20},"end":{"line":null,"column":-1}},"loc":{"start":{"line":20,"column":20},"end":{"line":null,"column":-1}}},"8":{"name":"(anonymous_14)","decl":{"start":{"line":45,"column":8},"end":{"line":45,"column":1}},"loc":{"start":{"line":45,"column":23},"end":{"line":51,"column":3}}},"9":{"name":"(anonymous_15)","decl":{"start":{"line":45,"column":23},"end":{"line":null,"column":-1}},"loc":{"start":{"line":45,"column":23},"end":{"line":null,"column":-1}}}},"branchMap":{"1":{"loc":{"start":{"line":27,"column":4},"end":{"line":42,"column":5}},"type":"if","locations":[{"start":{"line":27,"column":4},"end":{"line":42,"column":5}},{"start":{"line":27,"column":4},"end":{"line":42,"column":5}}]},"2":{"loc":{"start":{"line":32,"column":11},"end":{"line":42,"column":5}},"type":"if","locations":[{"start":{"line":32,"column":11},"end":{"line":42,"column":5}},{"start":{"line":32,"column":11},"end":{"line":42,"column":5}}]},"3":{"loc":{"start":{"line":37,"column":11},"end":{"line":42,"column":5}},"type":"if","locations":[{"start":{"line":37,"column":11},"end":{"line":42,"column":5}},{"start":{"line":37,"column":11},"end":{"line":42,"column":5}}]}},"s":{"1":1,"2":1,"3":0,"4":0,"5":0,"6":0,"7":0,"8":0,"9":0,"10":0,"11":0,"12":0,"13":0,"14":0,"15":0,"16":0,"17":0,"18":0,"19":0,"20":0,"21":0,"22":0,"23":0,"24":0,"25":0,"26":0,"27":0,"28":0,"29":0,"30":0,"31":0},"f":{"1":0,"2":0,"3":0,"4":0,"5":0,"6":0,"7":0,"8":0,"9":0},"b":{"1":[0,0],"2":[0,0],"3":[0,0]}},"D:\\Files\\清华大学\\大三\\软件工程3\\yogurt-backend\\app\\controller\\api\\manager\\staff\\list.js":{"path":"D:\\Files\\清华大学\\大三\\软件工程3\\yogurt-backend\\app\\controller\\api\\manager\\staff\\list.js","statementMap":{"1":{"start":{"line":1,"column":33},"end":{"line":1,"column":456}},"2":{"start":{"line":1,"column":64},"end":{"line":1,"column":89}},"3":{"start":{"line":1,"column":91},"end":{"line":1,"column":453}},"4":{"start":{"line":1,"column":165},"end":{"line":1,"column":263}},"5":{"start":{"line":1,"column":182},"end":{"line":1,"column":195}},"6":{"start":{"line":1,"column":209},"end":{"line":1,"column":219}},"7":{"start":{"line":1,"column":239},"end":{"line":1,"column":253}},"8":{"start":{"line":1,"column":254},"end":{"line":1,"column":261}},"9":{"start":{"line":1,"column":264},"end":{"line":1,"column":426}},"10":{"start":{"line":1,"column":281},"end":{"line":1,"column":296}},"11":{"start":{"line":1,"column":306},"end":{"line":1,"column":424}},"12":{"start":{"line":1,"column":360},"end":{"line":1,"column":380}},"13":{"start":{"line":1,"column":401},"end":{"line":1,"column":420}},"14":{"start":{"line":1,"column":429},"end":{"line":1,"column":449}},"15":{"start":{"line":3,"column":13},"end":{"line":3,"column":40}},"16":{"start":{"line":4,"column":0},"end":{"line":14,"column":2}},"17":{"start":{"line":6,"column":4},"end":{"line":6,"column":19}},"18":{"start":{"line":7,"column":4},"end":{"line":7,"column":45}},"19":{"start":{"line":12,"column":4},"end":{"line":12,"column":48}}},"fnMap":{"1":{"name":"_asyncToGenerator","decl":{"start":{"line":1,"column":9},"end":{"line":1,"column":26}},"loc":{"start":{"line":1,"column":31},"end":{"line":1,"column":458}}},"2":{"name":"(anonymous_2)","decl":{"start":{"line":1,"column":40},"end":{"line":1,"column":41}},"loc":{"start":{"line":1,"column":52},"end":{"line":1,"column":455}}},"3":{"name":"(anonymous_3)","decl":{"start":{"line":1,"column":110},"end":{"line":1,"column":111}},"loc":{"start":{"line":1,"column":137},"end":{"line":1,"column":451}}},"4":{"name":"step","decl":{"start":{"line":1,"column":148},"end":{"line":1,"column":152}},"loc":{"start":{"line":1,"column":163},"end":{"line":1,"column":428}}},"5":{"name":"(anonymous_5)","decl":{"start":{"line":1,"column":341},"end":{"line":1,"column":342}},"loc":{"start":{"line":1,"column":358},"end":{"line":1,"column":382}}},"6":{"name":"(anonymous_6)","decl":{"start":{"line":1,"column":384},"end":{"line":1,"column":385}},"loc":{"start":{"line":1,"column":399},"end":{"line":1,"column":422}}},"7":{"name":"(anonymous_7)","decl":{"start":{"line":5,"column":2},"end":{"line":5,"column":3}},"loc":{"start":{"line":5,"column":23},"end":{"line":8,"column":3}}},"8":{"name":"(anonymous_8)","decl":{"start":{"line":9,"column":2},"end":{"line":9,"column":3}},"loc":{"start":{"line":9,"column":14},"end":{"line":13,"column":3}}},"9":{"name":"(anonymous_9)","decl":{"start":{"line":12,"column":29},"end":{"line":12,"column":30}},"loc":{"start":{"line":12,"column":42},"end":{"line":12,"column":44}}}},"branchMap":{"1":{"loc":{"start":{"line":1,"column":264},"end":{"line":1,"column":426}},"type":"if","locations":[{"start":{"line":1,"column":264},"end":{"line":1,"column":426}},{"start":{"line":1,"column":264},"end":{"line":1,"column":426}}]}},"s":{"1":0,"2":0,"3":0,"4":0,"5":0,"6":0,"7":0,"8":0,"9":0,"10":0,"11":0,"12":0,"13":0,"14":0,"15":1,"16":1,"17":0,"18":0,"19":0},"f":{"1":0,"2":0,"3":0,"4":0,"5":0,"6":0,"7":0,"8":0,"9":0},"b":{"1":[0,0]},"hash":"5f99c50c138771b1cf34926e2d48c7b934f0a328"},"D:\\Files\\清华大学\\大三\\软件工程3\\yogurt-backend\\src\\controller\\api\\manager\\staff.js":{"path":"D:\\Files\\清华大学\\大三\\软件工程3\\yogurt-backend\\src\\controller\\api\\manager\\staff.js","statementMap":{"1":{"start":{"line":1,"column":13},"end":{"line":1,"column":0}},"2":{"start":{"line":2,"column":0},"end":{"line":null,"column":-1}},"3":{"start":{"line":4,"column":4},"end":{"line":null,"column":-1}},"4":{"start":{"line":5,"column":4},"end":{"line":null,"column":-1}},"5":{"start":{"line":7,"column":20},"end":{"line":null,"column":-1}},"6":{"start":{"line":8,"column":22},"end":{"line":8,"column":4}},"7":{"start":{"line":9,"column":19},"end":{"line":9,"column":4}},"8":{"start":{"line":12,"column":4},"end":{"line":null,"column":-1}},"9":{"start":{"line":14,"column":21},"end":{"line":null,"column":-1}},"10":{"start":{"line":17,"column":19},"end":{"line":17,"column":4}},"11":{"start":{"line":18,"column":22},"end":{"line":18,"column":4}},"12":{"start":{"line":20,"column":17},"end":{"line":20,"column":4}},"13":{"start":{"line":21,"column":4},"end":{"line":null,"column":-1}},"14":{"start":{"line":23,"column":20},"end":{"line":null,"column":-1}},"15":{"start":{"line":24,"column":20},"end":{"line":24,"column":4}},"16":{"start":{"line":25,"column":17},"end":{"line":25,"column":4}},"17":{"start":{"line":26,"column":4},"end":{"line":null,"column":-1}}},"fnMap":{"1":{"name":"(anonymous_7)","decl":{"start":{"line":3,"column":2},"end":{"line":3,"column":13}},"loc":{"start":{"line":3,"column":23},"end":{"line":6,"column":3}}},"2":{"name":"(anonymous_8)","decl":{"start":{"line":7,"column":8},"end":{"line":7,"column":1}},"loc":{"start":{"line":7,"column":20},"end":{"line":13,"column":3}}},"3":{"name":"(anonymous_9)","decl":{"start":{"line":7,"column":20},"end":{"line":null,"column":-1}},"loc":{"start":{"line":7,"column":20},"end":{"line":null,"column":-1}}},"4":{"name":"(anonymous_10)","decl":{"start":{"line":14,"column":8},"end":{"line":14,"column":1}},"loc":{"start":{"line":14,"column":21},"end":{"line":22,"column":3}}},"5":{"name":"(anonymous_11)","decl":{"start":{"line":14,"column":21},"end":{"line":null,"column":-1}},"loc":{"start":{"line":14,"column":21},"end":{"line":null,"column":-1}}},"6":{"name":"(anonymous_12)","decl":{"start":{"line":23,"column":8},"end":{"line":23,"column":1}},"loc":{"start":{"line":23,"column":20},"end":{"line":27,"column":3}}},"7":{"name":"(anonymous_13)","decl":{"start":{"line":23,"column":20},"end":{"line":null,"column":-1}},"loc":{"start":{"line":23,"column":20},"end":{"line":null,"column":-1}}}},"branchMap":{},"s":{"1":1,"2":1,"3":0,"4":0,"5":0,"6":0,"7":0,"8":0,"9":0,"10":0,"11":0,"12":0,"13":0,"14":0,"15":0,"16":0,"17":0},"f":{"1":0,"2":0,"3":0,"4":0,"5":0,"6":0,"7":0},"b":{}},"D:\\Files\\清华大学\\大三\\软件工程3\\yogurt-backend\\app\\controller\\restIndex.js":{"path":"D:\\Files\\清华大学\\大三\\软件工程3\\yogurt-backend\\app\\controller\\restIndex.js","statementMap":{"1":{"start":{"line":1,"column":17},"end":{"line":1,"column":37}},"2":{"start":{"line":3,"column":0},"end":{"line":3,"column":43}}},"fnMap":{},"branchMap":{},"s":{"1":1,"2":1},"f":{},"b":{},"hash":"242a112d1a3f57c5ad852ca6f640be2792b9aa4c"},"D:\\Files\\清华大学\\大三\\软件工程3\\yogurt-backend\\app\\controller\\api\\manager\\user\\list.js":{"path":"D:\\Files\\清华大学\\大三\\软件工程3\\yogurt-backend\\app\\controller\\api\\manager\\user\\list.js","statementMap":{"1":{"start":{"line":1,"column":33},"end":{"line":1,"column":456}},"2":{"start":{"line":1,"column":64},"end":{"line":1,"column":89}},"3":{"start":{"line":1,"column":91},"end":{"line":1,"column":453}},"4":{"start":{"line":1,"column":165},"end":{"line":1,"column":263}},"5":{"start":{"line":1,"column":182},"end":{"line":1,"column":195}},"6":{"start":{"line":1,"column":209},"end":{"line":1,"column":219}},"7":{"start":{"line":1,"column":239},"end":{"line":1,"column":253}},"8":{"start":{"line":1,"column":254},"end":{"line":1,"column":261}},"9":{"start":{"line":1,"column":264},"end":{"line":1,"column":426}},"10":{"start":{"line":1,"column":281},"end":{"line":1,"column":296}},"11":{"start":{"line":1,"column":306},"end":{"line":1,"column":424}},"12":{"start":{"line":1,"column":360},"end":{"line":1,"column":380}},"13":{"start":{"line":1,"column":401},"end":{"line":1,"column":420}},"14":{"start":{"line":1,"column":429},"end":{"line":1,"column":449}},"15":{"start":{"line":3,"column":13},"end":{"line":3,"column":40}},"16":{"start":{"line":4,"column":0},"end":{"line":20,"column":2}},"17":{"start":{"line":6,"column":4},"end":{"line":6,"column":19}},"18":{"start":{"line":7,"column":4},"end":{"line":7,"column":44}},"19":{"start":{"line":10,"column":16},"end":{"line":10,"column":20}},"20":{"start":{"line":12,"column":4},"end":{"line":18,"column":9}},"21":{"start":{"line":13,"column":24},"end":{"line":13,"column":46}},"22":{"start":{"line":14,"column":20},"end":{"line":16,"column":17}},"23":{"start":{"line":17,"column":6},"end":{"line":17,"column":34}}},"fnMap":{"1":{"name":"_asyncToGenerator","decl":{"start":{"line":1,"column":9},"end":{"line":1,"column":26}},"loc":{"start":{"line":1,"column":31},"end":{"line":1,"column":458}}},"2":{"name":"(anonymous_2)","decl":{"start":{"line":1,"column":40},"end":{"line":1,"column":41}},"loc":{"start":{"line":1,"column":52},"end":{"line":1,"column":455}}},"3":{"name":"(anonymous_3)","decl":{"start":{"line":1,"column":110},"end":{"line":1,"column":111}},"loc":{"start":{"line":1,"column":137},"end":{"line":1,"column":451}}},"4":{"name":"step","decl":{"start":{"line":1,"column":148},"end":{"line":1,"column":152}},"loc":{"start":{"line":1,"column":163},"end":{"line":1,"column":428}}},"5":{"name":"(anonymous_5)","decl":{"start":{"line":1,"column":341},"end":{"line":1,"column":342}},"loc":{"start":{"line":1,"column":358},"end":{"line":1,"column":382}}},"6":{"name":"(anonymous_6)","decl":{"start":{"line":1,"column":384},"end":{"line":1,"column":385}},"loc":{"start":{"line":1,"column":399},"end":{"line":1,"column":422}}},"7":{"name":"(anonymous_7)","decl":{"start":{"line":5,"column":2},"end":{"line":5,"column":3}},"loc":{"start":{"line":5,"column":23},"end":{"line":8,"column":3}}},"8":{"name":"(anonymous_8)","decl":{"start":{"line":9,"column":2},"end":{"line":9,"column":3}},"loc":{"start":{"line":9,"column":14},"end":{"line":19,"column":3}}},"9":{"name":"(anonymous_9)","decl":{"start":{"line":12,"column":29},"end":{"line":12,"column":30}},"loc":{"start":{"line":12,"column":42},"end":{"line":18,"column":5}}}},"branchMap":{"1":{"loc":{"start":{"line":1,"column":264},"end":{"line":1,"column":426}},"type":"if","locations":[{"start":{"line":1,"column":264},"end":{"line":1,"column":426}},{"start":{"line":1,"column":264},"end":{"line":1,"column":426}}]}},"s":{"1":0,"2":0,"3":0,"4":0,"5":0,"6":0,"7":0,"8":0,"9":0,"10":0,"11":0,"12":0,"13":0,"14":0,"15":1,"16":1,"17":0,"18":0,"19":0,"20":0,"21":0,"22":0,"23":0},"f":{"1":0,"2":0,"3":0,"4":0,"5":0,"6":0,"7":0,"8":0,"9":0},"b":{"1":[0,0]},"hash":"8ab50b30f6ee9f8a99149f462c53c3c7a7267685"},"D:\\Files\\清华大学\\大三\\软件工程3\\yogurt-backend\\app\\controller\\api\\staff\\account-info.js":{"path":"D:\\Files\\清华大学\\大三\\软件工程3\\yogurt-backend\\app\\controller\\api\\staff\\account-info.js","statementMap":{"1":{"start":{"line":1,"column":33},"end":{"line":1,"column":456}},"2":{"start":{"line":1,"column":64},"end":{"line":1,"column":89}},"3":{"start":{"line":1,"column":91},"end":{"line":1,"column":453}},"4":{"start":{"line":1,"column":165},"end":{"line":1,"column":263}},"5":{"start":{"line":1,"column":182},"end":{"line":1,"column":195}},"6":{"start":{"line":1,"column":209},"end":{"line":1,"column":219}},"7":{"start":{"line":1,"column":239},"end":{"line":1,"column":253}},"8":{"start":{"line":1,"column":254},"end":{"line":1,"column":261}},"9":{"start":{"line":1,"column":264},"end":{"line":1,"column":426}},"10":{"start":{"line":1,"column":281},"end":{"line":1,"column":296}},"11":{"start":{"line":1,"column":306},"end":{"line":1,"column":424}},"12":{"start":{"line":1,"column":360},"end":{"line":1,"column":380}},"13":{"start":{"line":1,"column":401},"end":{"line":1,"column":420}},"14":{"start":{"line":1,"column":429},"end":{"line":1,"column":449}},"15":{"start":{"line":3,"column":13},"end":{"line":3,"column":37}},"16":{"start":{"line":4,"column":0},"end":{"line":62,"column":2}},"17":{"start":{"line":6,"column":4},"end":{"line":6,"column":19}},"18":{"start":{"line":7,"column":4},"end":{"line":7,"column":45}},"19":{"start":{"line":10,"column":16},"end":{"line":10,"column":20}},"20":{"start":{"line":12,"column":4},"end":{"line":18,"column":9}},"21":{"start":{"line":13,"column":22},"end":{"line":13,"column":42}},"22":{"start":{"line":14,"column":20},"end":{"line":16,"column":15}},"23":{"start":{"line":17,"column":6},"end":{"line":17,"column":34}},"24":{"start":{"line":21,"column":17},"end":{"line":21,"column":21}},"25":{"start":{"line":23,"column":4},"end":{"line":60,"column":9}},"26":{"start":{"line":24,"column":22},"end":{"line":24,"column":43}},"27":{"start":{"line":25,"column":21},"end":{"line":25,"column":43}},"28":{"start":{"line":26,"column":18},"end":{"line":26,"column":37}},"29":{"start":{"line":27,"column":16},"end":{"line":27,"column":33}},"30":{"start":{"line":28,"column":21},"end":{"line":28,"column":43}},"31":{"start":{"line":29,"column":19},"end":{"line":29,"column":39}},"32":{"start":{"line":30,"column":17},"end":{"line":30,"column":29}},"33":{"start":{"line":31,"column":20},"end":{"line":33,"column":15}},"34":{"start":{"line":34,"column":6},"end":{"line":36,"column":7}},"35":{"start":{"line":35,"column":8},"end":{"line":35,"column":34}},"36":{"start":{"line":37,"column":6},"end":{"line":39,"column":7}},"37":{"start":{"line":38,"column":8},"end":{"line":38,"column":28}},"38":{"start":{"line":40,"column":6},"end":{"line":42,"column":7}},"39":{"start":{"line":41,"column":8},"end":{"line":41,"column":24}},"40":{"start":{"line":43,"column":6},"end":{"line":45,"column":7}},"41":{"start":{"line":44,"column":8},"end":{"line":44,"column":34}},"42":{"start":{"line":46,"column":6},"end":{"line":48,"column":7}},"43":{"start":{"line":47,"column":8},"end":{"line":47,"column":30}},"44":{"start":{"line":49,"column":6},"end":{"line":51,"column":7}},"45":{"start":{"line":50,"column":8},"end":{"line":50,"column":26}},"46":{"start":{"line":52,"column":6},"end":{"line":59,"column":9}}},"fnMap":{"1":{"name":"_asyncToGenerator","decl":{"start":{"line":1,"column":9},"end":{"line":1,"column":26}},"loc":{"start":{"line":1,"column":31},"end":{"line":1,"column":458}}},"2":{"name":"(anonymous_2)","decl":{"start":{"line":1,"column":40},"end":{"line":1,"column":41}},"loc":{"start":{"line":1,"column":52},"end":{"line":1,"column":455}}},"3":{"name":"(anonymous_3)","decl":{"start":{"line":1,"column":110},"end":{"line":1,"column":111}},"loc":{"start":{"line":1,"column":137},"end":{"line":1,"column":451}}},"4":{"name":"step","decl":{"start":{"line":1,"column":148},"end":{"line":1,"column":152}},"loc":{"start":{"line":1,"column":163},"end":{"line":1,"column":428}}},"5":{"name":"(anonymous_5)","decl":{"start":{"line":1,"column":341},"end":{"line":1,"column":342}},"loc":{"start":{"line":1,"column":358},"end":{"line":1,"column":382}}},"6":{"name":"(anonymous_6)","decl":{"start":{"line":1,"column":384},"end":{"line":1,"column":385}},"loc":{"start":{"line":1,"column":399},"end":{"line":1,"column":422}}},"7":{"name":"(anonymous_7)","decl":{"start":{"line":5,"column":2},"end":{"line":5,"column":3}},"loc":{"start":{"line":5,"column":23},"end":{"line":8,"column":3}}},"8":{"name":"(anonymous_8)","decl":{"start":{"line":9,"column":2},"end":{"line":9,"column":3}},"loc":{"start":{"line":9,"column":14},"end":{"line":19,"column":3}}},"9":{"name":"(anonymous_9)","decl":{"start":{"line":12,"column":29},"end":{"line":12,"column":30}},"loc":{"start":{"line":12,"column":42},"end":{"line":18,"column":5}}},"10":{"name":"(anonymous_10)","decl":{"start":{"line":20,"column":2},"end":{"line":20,"column":3}},"loc":{"start":{"line":20,"column":14},"end":{"line":61,"column":3}}},"11":{"name":"(anonymous_11)","decl":{"start":{"line":23,"column":29},"end":{"line":23,"column":30}},"loc":{"start":{"line":23,"column":42},"end":{"line":60,"column":5}}}},"branchMap":{"1":{"loc":{"start":{"line":1,"column":264},"end":{"line":1,"column":426}},"type":"if","locations":[{"start":{"line":1,"column":264},"end":{"line":1,"column":426}},{"start":{"line":1,"column":264},"end":{"line":1,"column":426}}]},"2":{"loc":{"start":{"line":34,"column":6},"end":{"line":36,"column":7}},"type":"if","locations":[{"start":{"line":34,"column":6},"end":{"line":36,"column":7}},{"start":{"line":34,"column":6},"end":{"line":36,"column":7}}]},"3":{"loc":{"start":{"line":34,"column":10},"end":{"line":34,"column":53}},"type":"binary-expr","locations":[{"start":{"line":34,"column":10},"end":{"line":34,"column":27}},{"start":{"line":34,"column":31},"end":{"line":34,"column":53}}]},"4":{"loc":{"start":{"lin
[...]
9}},"type":"if","locations":[{"start":{"line":20,"column":8},"end":{"line":25,"column":9}},{"start":{"line":20,"column":8},"end":{"line":25,"column":9}}]}},"s":{"1":1,"2":1,"3":1,"4":0,"5":0,"6":0,"7":0,"8":0,"9":0,"10":0,"11":0,"12":0,"13":0,"14":0,"15":0,"16":0,"17":0,"18":0},"f":{"1":0,"2":0,"3":0,"4":0,"5":0},"b":{"1":[0,0],"2":[0,0]}},"D:\\Files\\清华大学\\大三\\软件工程3\\yogurt-backend\\src\\controller\\api\\user\\queue.js":{"path":"D:\\Files\\清华大学\\大三\\软件工程3\\yogurt-backend\\src\\controller\\api\\user\\queue.js","statementMap":{"1":{"start":{"line":1,"column":13},"end":{"line":1,"column":0}},"2":{"start":{"line":2,"column":0},"end":{"line":null,"column":-1}},"3":{"start":{"line":4,"column":4},"end":{"line":null,"column":-1}},"4":{"start":{"line":5,"column":4},"end":{"line":null,"column":-1}},"5":{"start":{"line":8,"column":20},"end":{"line":null,"column":-1}},"6":{"start":{"line":9,"column":19},"end":{"line":9,"column":4}},"7":{"start":{"line":10,"column":17},"end":{"line":10,"column":4}},"8":{"start":{"line":11,"column":20},"end":{"line":11,"column":4}},"9":{"start":{"line":12,"column":18},"end":{"line":12,"column":4}},"10":{"start":{"line":16,"column":4},"end":{"line":21,"column":5}},"11":{"start":{"line":17,"column":6},"end":{"line":null,"column":-1}},"12":{"start":{"line":22,"column":23},"end":{"line":22,"column":4}},"13":{"start":{"line":23,"column":4},"end":{"line":30,"column":5}},"14":{"start":{"line":24,"column":6},"end":{"line":29,"column":7}},"15":{"start":{"line":25,"column":8},"end":{"line":28,"column":9}},"16":{"start":{"line":26,"column":10},"end":{"line":null,"column":-1}},"17":{"start":{"line":27,"column":10},"end":{"line":null,"column":-1}},"18":{"start":{"line":70,"column":4},"end":{"line":75,"column":5}},"19":{"start":{"line":71,"column":6},"end":{"line":null,"column":-1}},"20":{"start":{"line":76,"column":18},"end":{"line":76,"column":4}},"21":{"start":{"line":77,"column":21},"end":{"line":77,"column":4}},"22":{"start":{"line":78,"column":4},"end":{"line":83,"column":5}},"23":{"start":{"line":79,"column":6},"end":{"line":null,"column":-1}},"24":{"start":{"line":84,"column":24},"end":{"line":84,"column":4}},"25":{"start":{"line":85,"column":4},"end":{"line":null,"column":-1}},"26":{"start":{"line":86,"column":4},"end":{"line":97,"column":5}},"27":{"start":{"line":88,"column":6},"end":{"line":null,"column":-1}},"28":{"start":{"line":93,"column":6},"end":{"line":null,"column":-1}}},"fnMap":{"1":{"name":"(anonymous_7)","decl":{"start":{"line":3,"column":2},"end":{"line":3,"column":13}},"loc":{"start":{"line":3,"column":23},"end":{"line":6,"column":3}}},"2":{"name":"(anonymous_8)","decl":{"start":{"line":8,"column":8},"end":{"line":8,"column":1}},"loc":{"start":{"line":8,"column":20},"end":{"line":98,"column":3}}},"3":{"name":"(anonymous_9)","decl":{"start":{"line":8,"column":20},"end":{"line":null,"column":-1}},"loc":{"start":{"line":8,"column":20},"end":{"line":null,"column":-1}}}},"branchMap":{"1":{"loc":{"start":{"line":16,"column":4},"end":{"line":21,"column":5}},"type":"if","locations":[{"start":{"line":16,"column":4},"end":{"line":21,"column":5}},{"start":{"line":16,"column":4},"end":{"line":21,"column":5}}]},"2":{"loc":{"start":{"line":25,"column":8},"end":{"line":28,"column":9}},"type":"if","locations":[{"start":{"line":25,"column":8},"end":{"line":28,"column":9}},{"start":{"line":25,"column":8},"end":{"line":28,"column":9}}]},"3":{"loc":{"start":{"line":70,"column":4},"end":{"line":75,"column":5}},"type":"if","locations":[{"start":{"line":70,"column":4},"end":{"line":75,"column":5}},{"start":{"line":70,"column":4},"end":{"line":75,"column":5}}]},"4":{"loc":{"start":{"line":78,"column":4},"end":{"line":83,"column":5}},"type":"if","locations":[{"start":{"line":78,"column":4},"end":{"line":83,"column":5}},{"start":{"line":78,"column":4},"end":{"line":83,"column":5}}]},"5":{"loc":{"start":{"line":86,"column":4},"end":{"line":97,"column":5}},"type":"if","locations":[{"start":{"line":86,"column":4},"end":{"line":97,"column":5}},{"start":{"line":86,"column":4},"end":{"line":97,"column":5}}]}},"s":{"1":1,"2":1,"3":0,"4":0,"5":0,"6":0,"7":0,"8":0,"9":0,"10":0,"11":0,"12":0,"13":0,"14":0,"15":0,"16":0,"17":0,"18":0,"19":0,"20":0,"21":0,"22":0,"23":0,"24":0,"25":0,"26":0,"27":0,"28":0},"f":{"1":0,"2":0,"3":0},"b":{"1":[0,0],"2":[0,0],"3":[0,0],"4":[0,0],"5":[0,0]}},"D:\\Files\\清华大学\\大三\\软件工程3\\yogurt-backend\\app\\controller\\index.js":{"path":"D:\\Files\\清华大学\\大三\\软件工程3\\yogurt-backend\\app\\controller\\index.js","statementMap":{"1":{"start":{"line":1,"column":13},"end":{"line":1,"column":33}},"2":{"start":{"line":3,"column":0},"end":{"line":7,"column":2}},"3":{"start":{"line":5,"column":4},"end":{"line":5,"column":26}}},"fnMap":{"1":{"name":"(anonymous_1)","decl":{"start":{"line":4,"column":2},"end":{"line":4,"column":3}},"loc":{"start":{"line":4,"column":16},"end":{"line":6,"column":3}}}},"branchMap":{},"s":{"1":1,"2":1,"3":0},"f":{"1":0},"b":{},"hash":"55231edfd4333151929a77fb98dc1ca84acc0f8b"},"D:\\Files\\清华大学\\大三\\软件工程3\\yogurt-backend\\src\\controller\\websocket.js":{"path":"D:\\Files\\清华大学\\大三\\软件工程3\\yogurt-backend\\src\\controller\\websocket.js","statementMap":{"1":{"start":{"line":1,"column":12},"end":{"line":1,"column":0}},"2":{"start":{"line":2,"column":0},"end":{"line":null,"column":-1}},"3":{"start":{"line":4,"column":4},"end":{"line":null,"column":-1}},"4":{"start":{"line":8,"column":4},"end":{"line":null,"column":-1}},"5":{"start":{"line":13,"column":4},"end":{"line":null,"column":-1}},"6":{"start":{"line":14,"column":4},"end":{"line":null,"column":-1}},"7":{"start":{"line":17,"column":22},"end":{"line":null,"column":-1}},"8":{"start":{"line":28,"column":15},"end":{"line":28,"column":4}},"9":{"start":{"line":29,"column":17},"end":{"line":29,"column":4}},"10":{"start":{"line":30,"column":4},"end":{"line":null,"column":-1}},"11":{"start":{"line":31,"column":4},"end":{"line":null,"column":-1}},"12":{"start":{"line":32,"column":4},"end":{"line":null,"column":-1}},"13":{"start":{"line":33,"column":4},"end":{"line":null,"column":-1}},"14":{"start":{"line":34,"column":4},"end":{"line":null,"column":-1}},"15":{"start":{"line":37,"column":24},"end":{"line":null,"column":-1}},"16":{"start":{"line":38,"column":15},"end":{"line":38,"column":4}},"17":{"start":{"line":39,"column":4},"end":{"line":null,"column":-1}},"18":{"start":{"line":40,"column":18},"end":{"line":40,"column":4}},"19":{"start":{"line":41,"column":17},"end":{"line":41,"column":4}},"20":{"start":{"line":42,"column":16},"end":{"line":42,"column":4}},"21":{"start":{"line":43,"column":15},"end":{"line":43,"column":4}},"22":{"start":{"line":44,"column":14},"end":{"line":44,"column":4}},"23":{"start":{"line":45,"column":24},"end":{"line":45,"column":4}},"24":{"start":{"line":46,"column":15},"end":{"line":46,"column":4}},"25":{"start":{"line":47,"column":15},"end":{"line":47,"column":4}},"26":{"start":{"line":48,"column":19},"end":{"line":48,"column":4}},"27":{"start":{"line":49,"column":14},"end":{"line":49,"column":4}},"28":{"start":{"line":50,"column":19},"end":{"line":50,"column":4}},"29":{"start":{"line":51,"column":4},"end":{"line":null,"column":-1}},"30":{"start":{"line":65,"column":20},"end":{"line":65,"column":4}},"31":{"start":{"line":78,"column":4},"end":{"line":null,"column":-1}},"32":{"start":{"line":79,"column":4},"end":{"line":null,"column":-1}},"33":{"start":{"line":87,"column":18},"end":{"line":87,"column":4}},"34":{"start":{"line":88,"column":17},"end":{"line":88,"column":4}},"35":{"start":{"line":89,"column":14},"end":{"line":89,"column":4}},"36":{"start":{"line":90,"column":4},"end":{"line":null,"column":-1}},"37":{"start":{"line":100,"column":25},"end":{"line":null,"column":-1}},"38":{"start":{"line":101,"column":15},"end":{"line":101,"column":4}},"39":{"start":{"line":102,"column":18},"end":{"line":102,"column":4}},"40":{"start":{"line":103,"column":4},"end":{"line":null,"column":-1}},"41":{"start":{"line":104,"column":4},"end":{"line":null,"column":-1}},"42":{"start":{"line":105,"column":4},"end":{"line":null,"column":-1}},"43":{"start":{"line":106,"column":4},"end":{"line":null,"column":-1}},"44":{"start":{"line":107,"column":4},"end":{"line":null,"column":-1}},"45":{"start":{"line":108,"column":4},"end":{"line":null,"column":-1}},"46":{"start":{"line":111,"column":25},"end":{"line":null,"column":-1}},"47":{"start":{"line":112,"column":15},"end":{"line":112,"column":4}},"48":{"start":{"line":113,"column":4},"end":{"line":null,"column":-1}},"49":{"start":{"line":114,"column":18},"end":{"line":114,"column":4}},"50":{"start":{"line":115,"column":17},"end":{"line":115,"column":4}},"51":{"start":{"line":116,"column":16},"end":{"line":116,"column":4}},"52":{"start":{"line":117,"column":15},"end":{"line":117,"column":4}},"53":{"start":{"line":118,"column":14},"end":{"line":118,"column":4}},"54":{"start":{"line":119,"column":24},"end":{"line":119,"column":4}},"55":{"start":{"line":120,"column":15},"end":{"line":120,"column":4}},"56":{"start":{"line":121,"column":15},"end":{"line":121,"column":4}},"57":{"start":{"line":122,"column":19},"end":{"line":122,"column":4}},"58":{"start":{"line":123,"column":14},"end":{"line":123,"column":4}},"59":{"start":{"line":124,"column":19},"end":{"line":124,"column":4}},"60":{"start":{"line":125,"column":4},"end":{"line":null,"column":-1}},"61":{"start":{"line":139,"column":20},"end":{"line":139,"column":4}},"62":{"start":{"line":152,"column":4},"end":{"line":null,"column":-1}},"63":{"start":{"line":153,"column":4},"end":{"line":null,"column":-1}},"64":{"start":{"line":161,"column":18},"end":{"line":161,"column":4}},"65":{"start":{"line":162,"column":17},"end":{"line":162,"column":4}},"66":{"start":{"line":163,"column":14},"end":{"line":163,"column":4}},"67":{"start":{"line":164,"column":4},"end":{"line":null,"column":-1}},"68":{"start":{"line":171,"column":18},"end":{"line":171,"column":4}},"69":{"start":{"line":172,"column":17},"end":{"line":172,"column":4}},"70":{"start":{"line":173,"column":14},"end":{"line":173,"column":4}},"71":{"start":{"line":174,"column":4},"end":{"line":null,"column":-1}},"72":{"start":{"line":180,"column":26},"end":{"line":null,"column":-1}},"73":{"start":{"line":181,"column":15},"end":{"line":181,"column":4}},"74":{"start":{"line":182,"column":17},"end":{"line":182,"column":4}},"75":{"start":{"line":183,"column":17},"end":{"line":183,"column":4}},"76":{"start":{"line":184,"column":19},"end":{"line":184,"column":4}},"77":{"start":{"line":185,"column":19},"end":{"line":185,"column":4}},"78":{"start":{"line":186,"column":19},"end":{"line":186,"column":4}},"79":{"start":{"line":187,"column":4},"end":{"line":null,"column":-1}},"80":{"start":{"line":193,"column":4},"end":{"line":null,"column":-1}}},"fnMap":{"1":{"name":"(anonymous_7)","decl":{"start":{"line":3,"column":2},"end":{"line":3,"column":13}},"loc":{"start":{"line":3,"column":22},"end":{"line":5,"column":3}}},"2":{"name":"(anonymous_8)","decl":{"start":{"line":7,"column":2},"end":{"line":7,"column":15}},"loc":{"start":{"line":7,"column":16},"end":{"line":9,"column":3}}},"3":{"name":"(anonymous_9)","decl":{"start":{"line":11,"column":2},"end":{"line":11,"column":14}},"loc":{"start":{"line":11,"column":15},"end":{"line":15,"column":3}}},"4":{"name":"(anonymous_10)","decl":{"start":{"line":17,"column":8},"end":{"line":17,"column":1}},"loc":{"start":{"line":17,"column":22},"end":{"line":22,"column":3}}},"5":{"name":"(anonymous_11)","decl":{"start":{"line":17,"column":22},"end":{"line":null,"column":-1}},"loc":{"start":{"line":17,"column":22},"end":{"line":null,"column":-1}}},"6":{"name":"(anonymous_12)","decl":{"start":{"line":27,"column":2},"end":{"line":27,"column":17}},"loc":{"start":{"line":27,"column":18},"end":{"line":35,"column":3}}},"7":{"name":"(anonymous_13)","decl":{"start":{"line":37,"column":8},"end":{"line":37,"column":1}},"loc":{"start":{"line":37,"column":24},"end":{"line":84,"column":3}}},"8":{"name":"(anonymous_14)","decl":{"start":{"line":37,"column":24},"end":{"line":null,"column":-1}},"loc":{"start":{"line":37,"column":24},"end":{"line":null,"column":-1}}},"9":{"name":"(anonymous_15)","decl":{"start":{"line":86,"column":2},"end":{"line":86,"column":25}},"loc":{"start":{"line":86,"column":26},"end":{"line":95,"column":3}}},"10":{"name":"(anonymous_16)","decl":{"start":{"line":100,"column":8},"end":{"line":100,"column":1}},"loc":{"start":{"line":100,"column":25},"end":{"line":109,"column":3}}},"11":{"name":"(anonymous_17)","decl":{"start":{"line":100,"column":25},"end":{"line":null,"column":-1}},"loc":{"start":{"line":100,"column":25},"end":{"line":null,"column":-1}}},"12":{"name":"(anonymous_18)","decl":{"start":{"line":111,"column":8},"end":{"line":111,"column":1}},"loc":{"start":{"line":111,"column":25},"end":{"line":158,"column":3}}},"13":{"name":"(anonymous_19)","decl":{"start":{"line":111,"column":25},"end":{"line":null,"column":-1}},"loc":{"start":{"line":111,"column":25},"end":{"line":null,"column":-1}}},"14":{"name":"(anonymous_20)","decl":{"start":{"line":160,"column":2},"end":{"line":160,"column":22}},"loc":{"start":{"line":160,"column":23},"end":{"line":168,"column":3}}},"15":{"name":"(anonymous_21)","decl":{"start":{"line":170,"column":2},"end":{"line":170,"column":26}},"loc":{"start":{"line":170,"column":27},"end":{"line":178,"column":3}}},"16":{"name":"(anonymous_22)","decl":{"start":{"line":180,"column":8},"end":{"line":180,"column":1}},"loc":{"start":{"line":180,"column":26},"end":{"line":198,"column":3}}},"17":{"name":"(anonymous_23)","decl":{"start":{"line":180,"column":26},"end":{"line":null,"column":-1}},"loc":{"start":{"line":180,"column":26},"end":{"line":null,"column":-1}}}},"branchMap":{},"s":{"1":1,"2":1,"3":0,"4":0,"5":0,"6":0,"7":0,"8":0,"9":0,"10":0,"11":0,"12":0,"13":0,"14":0,"15":0,"16":0,"17":0,"18":0,"19":0,"20":0,"21":0,"22":0,"23":0,"24":0,"25":0,"26":0,"27":0,"28":0,"29":0,"30":0,"31":0,"32":0,"33":0,"34":0,"35":0,"36":0,"37":0,"38":0,"39":0,"40":0,"41":0,"42":0,"43":0,"44":0,"45":0,"46":0,"47":0,"48":0,"49":0,"50":0,"51":0,"52":0,"53":0,"54":0,"55":0,"56":0,"57":0,"58":0,"59":0,"60":0,"61":0,"62":0,"63":0,"64":0,"65":0,"66":0,"67":0,"68":0,"69":0,"70":0,"71":0,"72":0,"73":0,"74":0,"75":0,"76":0,"77":0,"78":0,"79":0,"80":0},"f":{"1":0,"2":0,"3":0,"4":0,"5":0,"6":0,"7":0,"8":0,"9":0,"10":0,"11":0,"12":0,"13":0,"14":0,"15":0,"16":0,"17":0},"b":{}},"D:\\Files\\清华大学\\大三\\软件工程3\\yogurt-backend\\src\\config\\router.js":{"path":"D:\\Files\\清华大学\\大三\\软件工程3\\yogurt-backend\\src\\config\\router.js","statementMap":{"1":{"start":{"line":1,"column":0},"end":{"line":null,"column":-1}}},"fnMap":{},"branchMap":{},"s":{"1":1},"f":{},"b":{}},"D:\\Files\\清华大学\\大三\\软件工程3\\yogurt-backend\\src\\config\\middleware.js":{"path":"D:\\Files\\清华大学\\大三\\软件工程3\\yogurt-backend\\src\\config\\middleware.js","statementMap":{"1":{"start":{"line":1,"column":13},"end":{"line":1,"column":0}},"2":{"start":{"line":2,"column":14},"end":{"line":2,"column":0}},"3":{"start":{"line":3,"column":13},"end":{"line":3,"column":0}},"4":{"start":{"line":5,"column":0},"end":{"line":null,"column":-1}}},"fnMap":{},"branchMap":{},"s":{"1":1,"2":1,"3":1,"4":1},"f":{},"b":{}},"D:\\Files\\清华大学\\大三\\软件工程3\\yogurt-backend\\app\\middleware\\base.js":{"path":"D:\\Files\\清华大学\\大三\\软件工程3\\yogurt-backend\\app\\middleware\\base.js","statementMap":{"1":{"start":{"line":1,"column":0},"end":{"line":5,"column":2}},"2":{"start":{"line":2,"column":2},"end":{"line":4,"column":4}},"3":{"start":{"line":3,"column":4},"end":{"line":3,"column":18}}},"fnMap":{"1":{"name":"(anonymous_1)","decl":{"start":{"line":1,"column":17},"end":{"line":1,"column":18}},"loc":{"start":{"line":1,"column":35},"end":{"line":5,"column":1}}},"2":{"name":"(anonymous_2)","decl":{"start":{"line":2,"column":9},"end":{"line":2,"column":10}},"loc":{"start":{"line":2,"column":24},"end":{"line":4,"column":3}}}},"branchMap":{},"s":{"1":1,"2":0,"3":0},"f":{"1":0,"2":0},"b":{},"hash":"a377c1210b98a828815d0d61ea8b5c7f3430ef67"},"D:\\Files\\清华大学\\大三\\软件工程3\\yogurt-backend\\app\\middleware\\token-verify.js":{"path":"D:\\Files\\清华大学\\大三\\软件工程3\\yogurt-backend\\app\\middleware\\token-verify.js","statementMap":{"1":{"start":{"line":1,"column":12},"end":{"line":1,"column":35}},"2":{"start":{"line":2,"column":0},"end":{"line":31,"column":2}},"3":{"start":{"line":3,"column":2},"end":{"line":30,"column":4}},"4":{"start":{"line":5,"column":4},"end":{"line":28,"column":5}},"5":{"start":{"line":6,"column":20},"end":{"line":6,"column":42}},"6":{"start":{"line":7,"column":6},"end":{"line":26,"column":7}},"7":{"start":{"line":8,"column":24},"end":{"line":8,"column":66}},"8":{"start":{"line":9,"column":23},"end":{"line":9,"column":46}},"9":{"start":{"line":10,"column":24},"end":{"line":10,"column":48}},"10":{"start":{"line":11,"column":19},"end":{"line":11,"column":24}},"11":{"start":{"line":12,"column":8},"end":{"line":20,"column":9}},"12":{"start":{"line":13,"column":10},"end":{"line":15,"column":11}},"13":{"start":{"line":14,"column":12},"end":{"line":14,"column":24}},"14":{"start":{"line":16,"column":15},"end":{"line":20,"column":9}},"15":{"start":{"line":17,"column":10},"end":{"line":19,"column":11}},"16":{"start":{"line":18,"column":12},"end":{"line":18,"column":24}},"17":{"start":{"line":21,"column":8},"end":{"line":23,"column":9}},"18":{"start":{"line":22,"column":10},"end":{"line":22,"column":43}},"19":{"start":{"line":25,"column":8},"end":{"line":25,"column":41}},"20":{"start":{"line":29,"column":4},"end":{"line":29,"column":18}}},"fnMap":{"1":{"name":"(anonymous_1)","decl":{"start":{"line":2,"column":17},"end":{"line":2,"column":18}},"loc":{"start":{"line":2,"column":35},"end":{"line":31,"column":1}}},"2":{"name":"(anonymous_2)","decl":{"start":{"line":3,"column":9},"end":{"line":3,"column":10}},"loc":{"start":{"line":3,"column":24},"end":{"line":30,"column":3}}}},"branchMap":{"1":{"loc":{"start":{"line":5,"column":4},"end":{"line":28,"column":5}},"type":"if","locations":[{"start":{"line":5,"column":4},"end":{"line":28,"column":5}},{"start":{"line":5,"column":4},"end":{"line":28,"column":5}}]},"2":{"loc":{"start":{"line":5,"column":8},"end":{"line":5,"column":94}},"type":"binary-expr","locations":[{"start":{"line":5,"column":8},"end":{"line":5,"column":47}},{"start":{"line":5,"column":51},"end":{"line":5,"column":94}}]},"3":{"loc":{"start":{"line":12,"column":8},"end":{"line":20,"column":9}},"type":"if","locations":[{"start":{"line":12,"column":8},"end":{"line":20,"column":9}},{"start":{"line":12,"column":8},"end":{"line":20,"column":9}}]},"4":{"loc":{"start":{"line":13,"column":10},"end":{"line":15,"column":11}},"type":"if","locations":[{"start":{"line":13,"column":10},"end":{"line":15,"column":11}},{"start":{"line":13,"column":10},"end":{"line":15,"column":11}}]},"5":{"loc":{"start":{"line":16,"column":15},"end":{"line":20,"column":9}},"type":"if","locations":[{"start":{"line":16,"column":15},"end":{"line":20,"column":9}},{"start":{"line":16,"column":15},"end":{"line":20,"column":9}}]},"6":{"loc":{"start":{"line":17,"column":10},"end":{"line":19,"column":11}},"type":"if","locations":[{"start":{"line":17,"column":10},"end":{"line":19,"column":11}},{"start":{"line":17,"column":10},"end":{"line":19,"column":11}}]},"7":{"loc":{"start":{"line":21,"column":8},"end":{"line":23,"column":9}},"type":"if","locations":[{"start":{"line":21,"column":8},"end":{"line":23,"column":9}},{"start":{"line":21,"column":8},"end":{"line":23,"column":9}}]}},"s":{"1":1,"2":1,"3":0,"4":0,"5":0,"6":0,"7":0,"8":0,"9":0,"10":0,"11":0,"12":0,"13":0,"14":0,"15":0,"16":0,"17":0,"18":0,"19":0,"20":0},"f":{"1":0,"2":0},"b":{"1":[0,0],"2":[0,0],"3":[0,0],"4":[0,0],"5":[0,0],"6":[0,0],"7":[0,0]},"hash":"c86323b3a30b796683a74592ea11ea5dc47ecb27"},"D:\\Files\\清华大学\\大三\\软件工程3\\yogurt-backend\\app\\bootstrap\\worker.js":{"path":"D:\\Files\\清华大学\\大三\\软件工程3\\yogurt-backend\\app\\bootstrap\\worker.js","statementMap":{},"fnMap":{},"branchMap":{},"s":{},"f":{},"b":{},"hash":"1c09786a8ee70e605f0d9c025688d3080c41f389"}}